[0.184s] DEBUG:colcon:Command line arguments: ['/usr/bin/colcon', 'build']
[0.184s] DEBUG:colcon:Parsed command line arguments: Namespace(allow_overriding=[], ament_cmake_args=None, base_paths=['.'], build_base='build', catkin_cmake_args=None, catkin_skip_building_tests=False, cmake_args=None, cmake_clean_cache=False, cmake_clean_first=False, cmake_force_configure=False, cmake_target=None, cmake_target_skip_unavailable=False, continue_on_error=False, event_handlers=None, executor='parallel', ignore_user_meta=False, install_base='install', log_base=None, log_level=None, main=<bound method BuildVerb.main of <colcon_core.verb.build.BuildVerb object at 0x7fc39d00fbe0>>, merge_install=False, metas=['./colcon.meta'], packages_above=None, packages_above_and_dependencies=None, packages_above_depth=None, packages_end=None, packages_ignore=None, packages_ignore_regex=None, packages_select=None, packages_select_build_failed=False, packages_select_by_dep=None, packages_select_regex=None, packages_select_test_failures=False, packages_skip=None, packages_skip_build_finished=False, packages_skip_by_dep=None, packages_skip_regex=None, packages_skip_test_passed=False, packages_skip_up_to=None, packages_start=None, packages_up_to=None, packages_up_to_regex=None, parallel_workers=8, paths=None, symlink_install=False, test_result_base=None, verb_extension=<colcon_core.verb.build.BuildVerb object at 0x7fc39d00fbe0>, verb_name='build', verb_parser=<colcon_defaults.argument_parser.defaults.DefaultArgumentsDecorator object at 0x7fc39d00feb8>)
[0.189s] Level 1:colcon.colcon_core.package_discovery:discover_packages(colcon_meta) check parameters
[0.190s] Level 1:colcon.colcon_core.package_discovery:discover_packages(recursive) check parameters
[0.190s] Level 1:colcon.colcon_core.package_discovery:discover_packages(ignore) check parameters
[0.190s] Level 1:colcon.colcon_core.package_discovery:discover_packages(path) check parameters
[0.190s] Level 1:colcon.colcon_core.package_discovery:discover_packages(colcon_meta) discover
[0.190s] Level 1:colcon.colcon_core.package_discovery:discover_packages(recursive) discover
[0.190s] INFO:colcon.colcon_core.package_discovery:Crawling recursively for packages in '/home/sangeetsu/irlsim/LanguagePolicies/ros2'
[0.190s] Level 1:colcon.colcon_core.package_identification:_identify(.) by extensions ['ignore', 'ignore_ament_install']
[0.190s] Level 1:colcon.colcon_core.package_identification:_identify(.) by extension 'ignore'
[0.191s] Level 1:colcon.colcon_core.package_identification:_identify(.) by extension 'ignore_ament_install'
[0.191s] Level 1:colcon.colcon_core.package_identification:_identify(.) by extensions ['colcon_pkg']
[0.191s] Level 1:colcon.colcon_core.package_identification:_identify(.) by extension 'colcon_pkg'
[0.191s] Level 1:colcon.colcon_core.package_identification:_identify(.) by extensions ['colcon_meta']
[0.191s] Level 1:colcon.colcon_core.package_identification:_identify(.) by extension 'colcon_meta'
[0.191s] Level 1:colcon.colcon_core.package_identification:_identify(.) by extensions ['ros']
[0.191s] Level 1:colcon.colcon_core.package_identification:_identify(.) by extension 'ros'
[0.203s] Level 1:colcon.colcon_core.package_identification:_identify(.) by extensions ['cmake', 'python']
[0.203s] Level 1:colcon.colcon_core.package_identification:_identify(.) by extension 'cmake'
[0.203s] Level 1:colcon.colcon_core.package_identification:_identify(.) by extension 'python'
[0.203s] Level 1:colcon.colcon_core.package_identification:_identify(.) by extensions ['python_setup_py']
[0.203s] Level 1:colcon.colcon_core.package_identification:_identify(.) by extension 'python_setup_py'
[0.204s] Level 1:colcon.colcon_core.package_identification:_identify(build) by extensions ['ignore', 'ignore_ament_install']
[0.204s] Level 1:colcon.colcon_core.package_identification:_identify(build) by extension 'ignore'
[0.204s] Level 1:colcon.colcon_core.package_identification:_identify(build) ignored
[0.204s] Level 1:colcon.colcon_core.package_identification:_identify(install) by extensions ['ignore', 'ignore_ament_install']
[0.204s] Level 1:colcon.colcon_core.package_identification:_identify(install) by extension 'ignore'
[0.204s] Level 1:colcon.colcon_core.package_identification:_identify(install) ignored
[0.204s] Level 1:colcon.colcon_core.package_identification:_identify(log) by extensions ['ignore', 'ignore_ament_install']
[0.205s] Level 1:colcon.colcon_core.package_identification:_identify(log) by extension 'ignore'
[0.205s] Level 1:colcon.colcon_core.package_identification:_identify(log) ignored
[0.205s] Level 1:colcon.colcon_core.package_identification:_identify(src) by extensions ['ignore', 'ignore_ament_install']
[0.205s] Level 1:colcon.colcon_core.package_identification:_identify(src) by extension 'ignore'
[0.205s] Level 1:colcon.colcon_core.package_identification:_identify(src) by extension 'ignore_ament_install'
[0.205s] Level 1:colcon.colcon_core.package_identification:_identify(src) by extensions ['colcon_pkg']
[0.205s] Level 1:colcon.colcon_core.package_identification:_identify(src) by extension 'colcon_pkg'
[0.205s] Level 1:colcon.colcon_core.package_identification:_identify(src) by extensions ['colcon_meta']
[0.205s] Level 1:colcon.colcon_core.package_identification:_identify(src) by extension 'colcon_meta'
[0.205s] Level 1:colcon.colcon_core.package_identification:_identify(src) by extensions ['ros']
[0.205s] Level 1:colcon.colcon_core.package_identification:_identify(src) by extension 'ros'
[0.205s] Level 1:colcon.colcon_core.package_identification:_identify(src) by extensions ['cmake', 'python']
[0.205s] Level 1:colcon.colcon_core.package_identification:_identify(src) by extension 'cmake'
[0.205s] Level 1:colcon.colcon_core.package_identification:_identify(src) by extension 'python'
[0.205s] Level 1:colcon.colcon_core.package_identification:_identify(src) by extensions ['python_setup_py']
[0.206s] Level 1:colcon.colcon_core.package_identification:_identify(src) by extension 'python_setup_py'
[0.206s] Level 1:colcon.colcon_core.package_identification:_identify(src/policy_translation) by extensions ['ignore', 'ignore_ament_install']
[0.206s] Level 1:colcon.colcon_core.package_identification:_identify(src/policy_translation) by extension 'ignore'
[0.206s] Level 1:colcon.colcon_core.package_identification:_identify(src/policy_translation) by extension 'ignore_ament_install'
[0.206s] Level 1:colcon.colcon_core.package_identification:_identify(src/policy_translation) by extensions ['colcon_pkg']
[0.206s] Level 1:colcon.colcon_core.package_identification:_identify(src/policy_translation) by extension 'colcon_pkg'
[0.206s] Level 1:colcon.colcon_core.package_identification:_identify(src/policy_translation) by extensions ['colcon_meta']
[0.206s] Level 1:colcon.colcon_core.package_identification:_identify(src/policy_translation) by extension 'colcon_meta'
[0.206s] Level 1:colcon.colcon_core.package_identification:_identify(src/policy_translation) by extensions ['ros']
[0.206s] Level 1:colcon.colcon_core.package_identification:_identify(src/policy_translation) by extension 'ros'
[0.209s] DEBUG:colcon.colcon_core.package_identification:Package 'src/policy_translation' with type 'ros.ament_cmake' and name 'policy_translation'
[0.209s] Level 1:colcon.colcon_core.package_discovery:discover_packages(recursive) using defaults
[0.209s] Level 1:colcon.colcon_core.package_discovery:discover_packages(ignore) discover
[0.209s] Level 1:colcon.colcon_core.package_discovery:discover_packages(ignore) using defaults
[0.209s] Level 1:colcon.colcon_core.package_discovery:discover_packages(path) discover
[0.209s] Level 1:colcon.colcon_core.package_discovery:discover_packages(path) using defaults
[0.244s] Level 5:colcon.colcon_core.verb:set package 'policy_translation' build argument 'cmake_args' from command line to 'None'
[0.244s] Level 5:colcon.colcon_core.verb:set package 'policy_translation' build argument 'cmake_target' from command line to 'None'
[0.244s] Level 5:colcon.colcon_core.verb:set package 'policy_translation' build argument 'cmake_target_skip_unavailable' from command line to 'False'
[0.244s] Level 5:colcon.colcon_core.verb:set package 'policy_translation' build argument 'cmake_clean_cache' from command line to 'False'
[0.244s] Level 5:colcon.colcon_core.verb:set package 'policy_translation' build argument 'cmake_clean_first' from command line to 'False'
[0.244s] Level 5:colcon.colcon_core.verb:set package 'policy_translation' build argument 'cmake_force_configure' from command line to 'False'
[0.244s] Level 5:colcon.colcon_core.verb:set package 'policy_translation' build argument 'ament_cmake_args' from command line to 'None'
[0.244s] Level 5:colcon.colcon_core.verb:set package 'policy_translation' build argument 'catkin_cmake_args' from command line to 'None'
[0.244s] Level 5:colcon.colcon_core.verb:set package 'policy_translation' build argument 'catkin_skip_building_tests' from command line to 'False'
[0.244s] DEBUG:colcon.colcon_core.verb:Building package 'policy_translation' with the following arguments: {'ament_cmake_args': None, 'build_base': '/home/sangeetsu/irlsim/LanguagePolicies/ros2/build/policy_translation', 'catkin_cmake_args': None, 'catkin_skip_building_tests': False, 'cmake_args': None, 'cmake_clean_cache': False, 'cmake_clean_first': False, 'cmake_force_configure': False, 'cmake_target': None, 'cmake_target_skip_unavailable': False, 'install_base': '/home/sangeetsu/irlsim/LanguagePolicies/ros2/install/policy_translation', 'merge_install': False, 'path': '/home/sangeetsu/irlsim/LanguagePolicies/ros2/src/policy_translation', 'symlink_install': False, 'test_result_base': None}
[0.249s] WARNING:colcon.colcon_core.verb:Some selected packages are already built in one or more underlay workspaces:
	'policy_translation' is in: /home/sangeetsu/irlsim/LanguagePolicies/ros2/install/policy_translation
If a package in a merged underlay workspace is overridden and it installs headers, then all packages in the overlay must sort their include directories by workspace order. Failure to do so may result in build failures or undefined behavior at run time.
If the overridden package is used by another package in any underlay, then the overriding package in the overlay must be API and ABI compatible or undefined behavior at run time may occur.

If you understand the risks and want to override a package anyways, add the following to the command line:
	--allow-overriding policy_translation

This may be promoted to an error in a future release of colcon-core.
[0.249s] INFO:colcon.colcon_core.executor:Executing jobs using 'parallel' executor
[0.252s] DEBUG:colcon.colcon_parallel_executor.executor.parallel:run_until_complete
[0.252s] INFO:colcon.colcon_ros.task.ament_cmake.build:Building ROS package in '/home/sangeetsu/irlsim/LanguagePolicies/ros2/src/policy_translation' with build type 'ament_cmake'
[0.252s] INFO:colcon.colcon_cmake.task.cmake.build:Building CMake package in '/home/sangeetsu/irlsim/LanguagePolicies/ros2/src/policy_translation'
[0.256s] INFO:colcon.colcon_core.plugin_system:Skipping extension 'colcon_core.shell.bat': Not used on non-Windows systems
[0.257s] INFO:colcon.colcon_core.shell:Skip shell extension 'powershell' for command environment: Not usable outside of PowerShell
[0.257s] DEBUG:colcon.colcon_core.shell:Skip shell extension 'dsv' for command environment
[0.258s] DEBUG:colcon.colcon_core.shell:Ignoring prefix path '/home/sangeetsu/irlsim/LanguagePolicies'
[0.258s] DEBUG:colcon.colcon_core.shell:Ignoring prefix path '/home/sangeetsu/irlsim/LanguagePolicies/ros2'
[0.274s] DEBUG:colcon.colcon_core.event_handler.log_command:Invoking command in '/home/sangeetsu/irlsim/LanguagePolicies/ros2/build/policy_translation': CMAKE_PREFIX_PATH=${CMAKE_PREFIX_PATH}:/opt/ros/eloquent CONDA_PROMPT_MODIFIER=(irlsim) /usr/bin/cmake --build /home/sangeetsu/irlsim/LanguagePolicies/ros2/build/policy_translation -- -j8 -l8
[0.583s] DEBUG:colcon.colcon_core.event_handler.log_command:Invoked command in '/home/sangeetsu/irlsim/LanguagePolicies/ros2/build/policy_translation' returned '0': CMAKE_PREFIX_PATH=${CMAKE_PREFIX_PATH}:/opt/ros/eloquent CONDA_PROMPT_MODIFIER=(irlsim) /usr/bin/cmake --build /home/sangeetsu/irlsim/LanguagePolicies/ros2/build/policy_translation -- -j8 -l8
[0.672s] DEBUG:colcon.colcon_core.event_handler.log_command:Invoking command in '/home/sangeetsu/irlsim/LanguagePolicies/ros2/build/policy_translation': CMAKE_PREFIX_PATH=${CMAKE_PREFIX_PATH}:/opt/ros/eloquent CONDA_PROMPT_MODIFIER=(irlsim) /usr/bin/cmake --build /home/sangeetsu/irlsim/LanguagePolicies/ros2/build/policy_translation --target install -- -j8 -l8
[1.059s] Level 1:colcon.colcon_core.environment:create_environment_scripts_only(policy_translation)
[1.060s] DEBUG:colcon.colcon_core.event_handler.log_command:Invoked command in '/home/sangeetsu/irlsim/LanguagePolicies/ros2/build/policy_translation' returned '0': CMAKE_PREFIX_PATH=${CMAKE_PREFIX_PATH}:/opt/ros/eloquent CONDA_PROMPT_MODIFIER=(irlsim) /usr/bin/cmake --build /home/sangeetsu/irlsim/LanguagePolicies/ros2/build/policy_translation --target install -- -j8 -l8
[1.066s] Level 1:colcon.colcon_core.environment:checking '/home/sangeetsu/irlsim/LanguagePolicies/ros2/install/policy_translation' for CMake module files
[1.067s] Level 1:colcon.colcon_core.environment:checking '/home/sangeetsu/irlsim/LanguagePolicies/ros2/install/policy_translation' for CMake config files
[1.068s] Level 1:colcon.colcon_core.shell:create_environment_hook('policy_translation', 'cmake_prefix_path')
[1.068s] INFO:colcon.colcon_core.shell:Creating environment hook '/home/sangeetsu/irlsim/LanguagePolicies/ros2/install/policy_translation/share/policy_translation/hook/cmake_prefix_path.ps1'
[1.069s] INFO:colcon.colcon_core.shell:Creating environment descriptor '/home/sangeetsu/irlsim/LanguagePolicies/ros2/install/policy_translation/share/policy_translation/hook/cmake_prefix_path.dsv'
[1.070s] INFO:colcon.colcon_core.shell:Creating environment hook '/home/sangeetsu/irlsim/LanguagePolicies/ros2/install/policy_translation/share/policy_translation/hook/cmake_prefix_path.sh'
[1.071s] Level 1:colcon.colcon_core.environment:checking '/home/sangeetsu/irlsim/LanguagePolicies/ros2/install/policy_translation/lib'
[1.071s] Level 1:colcon.colcon_core.shell:create_environment_hook('policy_translation', 'ld_library_path_lib')
[1.072s] INFO:colcon.colcon_core.shell:Creating environment hook '/home/sangeetsu/irlsim/LanguagePolicies/ros2/install/policy_translation/share/policy_translation/hook/ld_library_path_lib.ps1'
[1.073s] INFO:colcon.colcon_core.shell:Creating environment descriptor '/home/sangeetsu/irlsim/LanguagePolicies/ros2/install/policy_translation/share/policy_translation/hook/ld_library_path_lib.dsv'
[1.073s] INFO:colcon.colcon_core.shell:Creating environment hook '/home/sangeetsu/irlsim/LanguagePolicies/ros2/install/policy_translation/share/policy_translation/hook/ld_library_path_lib.sh'
[1.074s] Level 1:colcon.colcon_core.environment:checking '/home/sangeetsu/irlsim/LanguagePolicies/ros2/install/policy_translation/bin'
[1.074s] Level 1:colcon.colcon_core.environment:checking '/home/sangeetsu/irlsim/LanguagePolicies/ros2/install/policy_translation/lib/pkgconfig/policy_translation.pc'
[1.074s] Level 1:colcon.colcon_core.environment:checking '/home/sangeetsu/irlsim/LanguagePolicies/ros2/install/policy_translation/lib/python3.6/site-packages'
[1.075s] INFO:colcon.colcon_core.shell:Creating package script '/home/sangeetsu/irlsim/LanguagePolicies/ros2/install/policy_translation/share/policy_translation/package.ps1'
[1.076s] INFO:colcon.colcon_core.shell:Creating package descriptor '/home/sangeetsu/irlsim/LanguagePolicies/ros2/install/policy_translation/share/policy_translation/package.dsv'
[1.077s] INFO:colcon.colcon_core.shell:Creating package script '/home/sangeetsu/irlsim/LanguagePolicies/ros2/install/policy_translation/share/policy_translation/package.sh'
[1.079s] INFO:colcon.colcon_core.shell:Creating package script '/home/sangeetsu/irlsim/LanguagePolicies/ros2/install/policy_translation/share/policy_translation/package.bash'
[1.081s] INFO:colcon.colcon_core.shell:Creating package script '/home/sangeetsu/irlsim/LanguagePolicies/ros2/install/policy_translation/share/policy_translation/package.zsh'
[1.082s] Level 1:colcon.colcon_core.environment:create_file_with_runtime_dependencies(/home/sangeetsu/irlsim/LanguagePolicies/ros2/install/policy_translation/share/colcon-core/packages/policy_translation)
[1.200s] Level 1:colcon.colcon_core.environment:create_environment_scripts_only(policy_translation)
[1.201s] Level 1:colcon.colcon_core.environment:checking '/home/sangeetsu/irlsim/LanguagePolicies/ros2/install/policy_translation' for CMake module files
[1.203s] Level 1:colcon.colcon_core.environment:checking '/home/sangeetsu/irlsim/LanguagePolicies/ros2/install/policy_translation' for CMake config files
[1.205s] Level 1:colcon.colcon_core.shell:create_environment_hook('policy_translation', 'cmake_prefix_path')
[1.205s] INFO:colcon.colcon_core.shell:Creating environment hook '/home/sangeetsu/irlsim/LanguagePolicies/ros2/install/policy_translation/share/policy_translation/hook/cmake_prefix_path.ps1'
[1.206s] INFO:colcon.colcon_core.shell:Creating environment descriptor '/home/sangeetsu/irlsim/LanguagePolicies/ros2/install/policy_translation/share/policy_translation/hook/cmake_prefix_path.dsv'
[1.206s] INFO:colcon.colcon_core.shell:Creating environment hook '/home/sangeetsu/irlsim/LanguagePolicies/ros2/install/policy_translation/share/policy_translation/hook/cmake_prefix_path.sh'
[1.207s] Level 1:colcon.colcon_core.environment:checking '/home/sangeetsu/irlsim/LanguagePolicies/ros2/install/policy_translation/lib'
[1.207s] Level 1:colcon.colcon_core.shell:create_environment_hook('policy_translation', 'ld_library_path_lib')
[1.208s] INFO:colcon.colcon_core.shell:Creating environment hook '/home/sangeetsu/irlsim/LanguagePolicies/ros2/install/policy_translation/share/policy_translation/hook/ld_library_path_lib.ps1'
[1.208s] INFO:colcon.colcon_core.shell:Creating environment descriptor '/home/sangeetsu/irlsim/LanguagePolicies/ros2/install/policy_translation/share/policy_translation/hook/ld_library_path_lib.dsv'
[1.209s] INFO:colcon.colcon_core.shell:Creating environment hook '/home/sangeetsu/irlsim/LanguagePolicies/ros2/install/policy_translation/share/policy_translation/hook/ld_library_path_lib.sh'
[1.209s] Level 1:colcon.colcon_core.environment:checking '/home/sangeetsu/irlsim/LanguagePolicies/ros2/install/policy_translation/bin'
[1.209s] Level 1:colcon.colcon_core.environment:checking '/home/sangeetsu/irlsim/LanguagePolicies/ros2/install/policy_translation/lib/pkgconfig/policy_translation.pc'
[1.209s] Level 1:colcon.colcon_core.environment:checking '/home/sangeetsu/irlsim/LanguagePolicies/ros2/install/policy_translation/lib/python3.6/site-packages'
[1.211s] INFO:colcon.colcon_core.shell:Creating package script '/home/sangeetsu/irlsim/LanguagePolicies/ros2/install/policy_translation/share/policy_translation/package.ps1'
[1.213s] INFO:colcon.colcon_core.shell:Creating package descriptor '/home/sangeetsu/irlsim/LanguagePolicies/ros2/install/policy_translation/share/policy_translation/package.dsv'
[1.214s] INFO:colcon.colcon_core.shell:Creating package script '/home/sangeetsu/irlsim/LanguagePolicies/ros2/install/policy_translation/share/policy_translation/package.sh'
[1.214s] INFO:colcon.colcon_core.shell:Creating package script '/home/sangeetsu/irlsim/LanguagePolicies/ros2/install/policy_translation/share/policy_translation/package.bash'
[1.215s] INFO:colcon.colcon_core.shell:Creating package script '/home/sangeetsu/irlsim/LanguagePolicies/ros2/install/policy_translation/share/policy_translation/package.zsh'
[1.216s] Level 1:colcon.colcon_core.environment:create_file_with_runtime_dependencies(/home/sangeetsu/irlsim/LanguagePolicies/ros2/install/policy_translation/share/colcon-core/packages/policy_translation)
[1.216s] DEBUG:colcon.colcon_parallel_executor.executor.parallel:closing loop
[1.221s] DEBUG:colcon.colcon_parallel_executor.executor.parallel:loop closed
[1.222s] DEBUG:colcon.colcon_parallel_executor.executor.parallel:run_until_complete finished with '0'
[1.222s] DEBUG:colcon.colcon_core.event_reactor:joining thread
[1.231s] INFO:colcon.colcon_core.plugin_system:Skipping extension 'colcon_notification.desktop_notification.terminal_notifier': Not used on non-Darwin systems
[1.231s] INFO:colcon.colcon_core.plugin_system:Skipping extension 'colcon_notification.desktop_notification.win32': Not used on non-Windows systems
[1.232s] INFO:colcon.colcon_notification.desktop_notification:Sending desktop notification using 'notify2'
[1.240s] DEBUG:colcon.colcon_core.event_reactor:joined thread
[1.241s] INFO:colcon.colcon_core.shell:Creating prefix script '/home/sangeetsu/irlsim/LanguagePolicies/ros2/install/local_setup.ps1'
[1.243s] INFO:colcon.colcon_core.shell:Creating prefix util module '/home/sangeetsu/irlsim/LanguagePolicies/ros2/install/_local_setup_util_ps1.py'
[1.246s] INFO:colcon.colcon_core.shell:Creating prefix chain script '/home/sangeetsu/irlsim/LanguagePolicies/ros2/install/setup.ps1'
[1.249s] INFO:colcon.colcon_core.shell:Creating prefix script '/home/sangeetsu/irlsim/LanguagePolicies/ros2/install/local_setup.sh'
[1.250s] INFO:colcon.colcon_core.shell:Creating prefix util module '/home/sangeetsu/irlsim/LanguagePolicies/ros2/install/_local_setup_util_sh.py'
[1.251s] INFO:colcon.colcon_core.shell:Creating prefix chain script '/home/sangeetsu/irlsim/LanguagePolicies/ros2/install/setup.sh'
[1.254s] INFO:colcon.colcon_core.shell:Creating prefix script '/home/sangeetsu/irlsim/LanguagePolicies/ros2/install/local_setup.bash'
[1.255s] INFO:colcon.colcon_core.shell:Creating prefix chain script '/home/sangeetsu/irlsim/LanguagePolicies/ros2/install/setup.bash'
[1.257s] INFO:colcon.colcon_core.shell:Creating prefix script '/home/sangeetsu/irlsim/LanguagePolicies/ros2/install/local_setup.zsh'
[1.258s] INFO:colcon.colcon_core.shell:Creating prefix chain script '/home/sangeetsu/irlsim/LanguagePolicies/ros2/install/setup.zsh'
