[  2%] Built target policy_translation__cpp
[ 13%] Built target policy_translation__rosidl_generator_c
[ 24%] Built target policy_translation__rosidl_typesupport_introspection_cpp
[ 35%] Built target policy_translation__rosidl_typesupport_fastrtps_cpp
[ 46%] Built target policy_translation__rosidl_typesupport_introspection_c
[ 68%] Built target policy_translation__rosidl_typesupport_cpp
[ 68%] Built target policy_translation__rosidl_typesupport_fastrtps_c
[ 80%] Built target policy_translation__rosidl_typesupport_c
[ 80%] Built target policy_translation
[ 82%] Built target policy_translation__py
[ 91%] Built target policy_translation__python
[ 95%] Built target policy_translation__rosidl_typesupport_fastrtps_c__pyext
[100%] Built target policy_translation__rosidl_typesupport_c__pyext
[ 11%] Built target policy_translation__rosidl_generator_c
[ 13%] Built target policy_translation__cpp
[ 24%] Built target policy_translation__rosidl_typesupport_introspection_cpp
[ 35%] Built target policy_translation__rosidl_typesupport_introspection_c
[ 46%] Built target policy_translation__rosidl_typesupport_fastrtps_cpp
[ 57%] Built target policy_translation__rosidl_typesupport_cpp
[ 68%] Built target policy_translation__rosidl_typesupport_fastrtps_c
[ 80%] Built target policy_translation__rosidl_typesupport_c
[ 80%] Built target policy_translation
[ 82%] Built target policy_translation__py
[ 91%] Built target policy_translation__python
[ 95%] Built target policy_translation__rosidl_typesupport_fastrtps_c__pyext
[100%] Built target policy_translation__rosidl_typesupport_c__pyext
[36mInstall the project...[0m
-- Install configuration: ""
-- Up-to-date: /home/sangeetsu/irlsim/LanguagePolicies/ros2/install/policy_translation/share/ament_index/resource_index/rosidl_interfaces/policy_translation
-- Up-to-date: /home/sangeetsu/irlsim/LanguagePolicies/ros2/install/policy_translation/lib/libpolicy_translation__rosidl_typesupport_c.so
-- Up-to-date: /home/sangeetsu/irlsim/LanguagePolicies/ros2/install/policy_translation/share/policy_translation/environment/library_path.sh
-- Up-to-date: /home/sangeetsu/irlsim/LanguagePolicies/ros2/install/policy_translation/share/policy_translation/environment/library_path.dsv
-- Up-to-date: /home/sangeetsu/irlsim/LanguagePolicies/ros2/install/policy_translation/lib/libpolicy_translation__rosidl_typesupport_cpp.so
-- Up-to-date: /home/sangeetsu/irlsim/LanguagePolicies/ros2/install/policy_translation/include/policy_translation
-- Up-to-date: /home/sangeetsu/irlsim/LanguagePolicies/ros2/install/policy_translation/include/policy_translation/msg
-- Up-to-date: /home/sangeetsu/irlsim/LanguagePolicies/ros2/install/policy_translation/include/policy_translation/msg/rosidl_typesupport_fastrtps_c__visibility_control.h
-- Up-to-date: /home/sangeetsu/irlsim/LanguagePolicies/ros2/install/policy_translation/include/policy_translation/msg/dummy__rosidl_typesupport_fastrtps_c.h
-- Up-to-date: /home/sangeetsu/irlsim/LanguagePolicies/ros2/install/policy_translation/include/policy_translation/srv
-- Up-to-date: /home/sangeetsu/irlsim/LanguagePolicies/ros2/install/policy_translation/include/policy_translation/srv/network_pt__rosidl_typesupport_fastrtps_c.h
-- Up-to-date: /home/sangeetsu/irlsim/LanguagePolicies/ros2/install/policy_translation/include/policy_translation/srv/tune_network__rosidl_typesupport_fastrtps_c.h
-- Up-to-date: /home/sangeetsu/irlsim/LanguagePolicies/ros2/install/policy_translation/lib/libpolicy_translation__rosidl_typesupport_fastrtps_c.so
-- Up-to-date: /home/sangeetsu/irlsim/LanguagePolicies/ros2/install/policy_translation/include/policy_translation
-- Up-to-date: /home/sangeetsu/irlsim/LanguagePolicies/ros2/install/policy_translation/include/policy_translation/msg
-- Up-to-date: /home/sangeetsu/irlsim/LanguagePolicies/ros2/install/policy_translation/include/policy_translation/msg/dummy__type_support.h
-- Up-to-date: /home/sangeetsu/irlsim/LanguagePolicies/ros2/install/policy_translation/include/policy_translation/msg/dummy__functions.c
-- Up-to-date: /home/sangeetsu/irlsim/LanguagePolicies/ros2/install/policy_translation/include/policy_translation/msg/dummy__struct.h
-- Up-to-date: /home/sangeetsu/irlsim/LanguagePolicies/ros2/install/policy_translation/include/policy_translation/msg/dummy.h
-- Up-to-date: /home/sangeetsu/irlsim/LanguagePolicies/ros2/install/policy_translation/include/policy_translation/msg/rosidl_generator_c__visibility_control.h
-- Up-to-date: /home/sangeetsu/irlsim/LanguagePolicies/ros2/install/policy_translation/include/policy_translation/msg/dummy__functions.h
-- Up-to-date: /home/sangeetsu/irlsim/LanguagePolicies/ros2/install/policy_translation/include/policy_translation/srv
-- Up-to-date: /home/sangeetsu/irlsim/LanguagePolicies/ros2/install/policy_translation/include/policy_translation/srv/network_pt.h
-- Up-to-date: /home/sangeetsu/irlsim/LanguagePolicies/ros2/install/policy_translation/include/policy_translation/srv/tune_network__type_support.h
-- Up-to-date: /home/sangeetsu/irlsim/LanguagePolicies/ros2/install/policy_translation/include/policy_translation/srv/network_pt__functions.h
-- Up-to-date: /home/sangeetsu/irlsim/LanguagePolicies/ros2/install/policy_translation/include/policy_translation/srv/network_pt__struct.h
-- Up-to-date: /home/sangeetsu/irlsim/LanguagePolicies/ros2/install/policy_translation/include/policy_translation/srv/network_pt__functions.c
-- Up-to-date: /home/sangeetsu/irlsim/LanguagePolicies/ros2/install/policy_translation/include/policy_translation/srv/tune_network__functions.h
-- Up-to-date: /home/sangeetsu/irlsim/LanguagePolicies/ros2/install/policy_translation/include/policy_translation/srv/tune_network__functions.c
-- Up-to-date: /home/sangeetsu/irlsim/LanguagePolicies/ros2/install/policy_translation/include/policy_translation/srv/network_pt__type_support.h
-- Up-to-date: /home/sangeetsu/irlsim/LanguagePolicies/ros2/install/policy_translation/include/policy_translation/srv/tune_network__struct.h
-- Up-to-date: /home/sangeetsu/irlsim/LanguagePolicies/ros2/install/policy_translation/include/policy_translation/srv/tune_network.h
-- Up-to-date: /home/sangeetsu/irlsim/LanguagePolicies/ros2/install/policy_translation/lib/libpolicy_translation__rosidl_generator_c.so
-- Up-to-date: /home/sangeetsu/irlsim/LanguagePolicies/ros2/install/policy_translation/include/policy_translation
-- Up-to-date: /home/sangeetsu/irlsim/LanguagePolicies/ros2/install/policy_translation/include/policy_translation/msg
-- Up-to-date: /home/sangeetsu/irlsim/LanguagePolicies/ros2/install/policy_translation/include/policy_translation/msg/dummy__rosidl_typesupport_fastrtps_cpp.hpp
-- Up-to-date: /home/sangeetsu/irlsim/LanguagePolicies/ros2/install/policy_translation/include/policy_translation/msg/dds_fastrtps
-- Up-to-date: /home/sangeetsu/irlsim/LanguagePolicies/ros2/install/policy_translation/include/policy_translation/msg/rosidl_typesupport_fastrtps_cpp__visibility_control.h
-- Up-to-date: /home/sangeetsu/irlsim/LanguagePolicies/ros2/install/policy_translation/include/policy_translation/srv
-- Up-to-date: /home/sangeetsu/irlsim/LanguagePolicies/ros2/install/policy_translation/include/policy_translation/srv/tune_network__rosidl_typesupport_fastrtps_cpp.hpp
-- Up-to-date: /home/sangeetsu/irlsim/LanguagePolicies/ros2/install/policy_translation/include/policy_translation/srv/dds_fastrtps
-- Up-to-date: /home/sangeetsu/irlsim/LanguagePolicies/ros2/install/policy_translation/include/policy_translation/srv/network_pt__rosidl_typesupport_fastrtps_cpp.hpp
-- Up-to-date: /home/sangeetsu/irlsim/LanguagePolicies/ros2/install/policy_translation/lib/libpolicy_translation__rosidl_typesupport_fastrtps_cpp.so
-- Up-to-date: /home/sangeetsu/irlsim/LanguagePolicies/ros2/install/policy_translation/include/policy_translation
-- Up-to-date: /home/sangeetsu/irlsim/LanguagePolicies/ros2/install/policy_translation/include/policy_translation/msg
-- Up-to-date: /home/sangeetsu/irlsim/LanguagePolicies/ros2/install/policy_translation/include/policy_translation/msg/dummy.hpp
-- Up-to-date: /home/sangeetsu/irlsim/LanguagePolicies/ros2/install/policy_translation/include/policy_translation/msg/dummy__traits.hpp
-- Up-to-date: /home/sangeetsu/irlsim/LanguagePolicies/ros2/install/policy_translation/include/policy_translation/msg/dummy__struct.hpp
-- Up-to-date: /home/sangeetsu/irlsim/LanguagePolicies/ros2/install/policy_translation/include/policy_translation/srv
-- Up-to-date: /home/sangeetsu/irlsim/LanguagePolicies/ros2/install/policy_translation/include/policy_translation/srv/tune_network.hpp
-- Up-to-date: /home/sangeetsu/irlsim/LanguagePolicies/ros2/install/policy_translation/include/policy_translation/srv/network_pt__struct.hpp
-- Up-to-date: /home/sangeetsu/irlsim/LanguagePolicies/ros2/install/policy_translation/include/policy_translation/srv/network_pt__traits.hpp
-- Up-to-date: /home/sangeetsu/irlsim/LanguagePolicies/ros2/install/policy_translation/include/policy_translation/srv/tune_network__traits.hpp
-- Up-to-date: /home/sangeetsu/irlsim/LanguagePolicies/ros2/install/policy_translation/include/policy_translation/srv/tune_network__struct.hpp
-- Up-to-date: /home/sangeetsu/irlsim/LanguagePolicies/ros2/install/policy_translation/include/policy_translation/srv/network_pt.hpp
-- Up-to-date: /home/sangeetsu/irlsim/LanguagePolicies/ros2/install/policy_translation/include/policy_translation
-- Up-to-date: /home/sangeetsu/irlsim/LanguagePolicies/ros2/install/policy_translation/include/policy_translation/msg
-- Up-to-date: /home/sangeetsu/irlsim/LanguagePolicies/ros2/install/policy_translation/include/policy_translation/msg/dummy__type_support.c
-- Up-to-date: /home/sangeetsu/irlsim/LanguagePolicies/ros2/install/policy_translation/include/policy_translation/msg/rosidl_typesupport_introspection_c__visibility_control.h
-- Up-to-date: /home/sangeetsu/irlsim/LanguagePolicies/ros2/install/policy_translation/include/policy_translation/msg/dummy__rosidl_typesupport_introspection_c.h
-- Up-to-date: /home/sangeetsu/irlsim/LanguagePolicies/ros2/install/policy_translation/include/policy_translation/srv
-- Up-to-date: /home/sangeetsu/irlsim/LanguagePolicies/ros2/install/policy_translation/include/policy_translation/srv/network_pt__type_support.c
-- Up-to-date: /home/sangeetsu/irlsim/LanguagePolicies/ros2/install/policy_translation/include/policy_translation/srv/tune_network__type_support.c
-- Up-to-date: /home/sangeetsu/irlsim/LanguagePolicies/ros2/install/policy_translation/include/policy_translation/srv/tune_network__rosidl_typesupport_introspection_c.h
-- Up-to-date: /home/sangeetsu/irlsim/LanguagePolicies/ros2/install/policy_translation/include/policy_translation/srv/network_pt__rosidl_typesupport_introspection_c.h
-- Up-to-date: /home/sangeetsu/irlsim/LanguagePolicies/ros2/install/policy_translation/lib/libpolicy_translation__rosidl_typesupport_introspection_c.so
-- Up-to-date: /home/sangeetsu/irlsim/LanguagePolicies/ros2/install/policy_translation/include/policy_translation
-- Up-to-date: /home/sangeetsu/irlsim/LanguagePolicies/ros2/install/policy_translation/include/policy_translation/msg
-- Up-to-date: /home/sangeetsu/irlsim/LanguagePolicies/ros2/install/policy_translation/include/policy_translation/msg/dummy__type_support.cpp
-- Up-to-date: /home/sangeetsu/irlsim/LanguagePolicies/ros2/install/policy_translation/include/policy_translation/msg/dummy__rosidl_typesupport_introspection_cpp.hpp
-- Up-to-date: /home/sangeetsu/irlsim/LanguagePolicies/ros2/install/policy_translation/include/policy_translation/srv
-- Up-to-date: /home/sangeetsu/irlsim/LanguagePolicies/ros2/install/policy_translation/include/policy_translation/srv/network_pt__type_support.cpp
-- Up-to-date: /home/sangeetsu/irlsim/LanguagePolicies/ros2/install/policy_translation/include/policy_translation/srv/tune_network__rosidl_typesupport_introspection_cpp.hpp
-- Up-to-date: /home/sangeetsu/irlsim/LanguagePolicies/ros2/install/policy_translation/include/policy_translation/srv/network_pt__rosidl_typesupport_introspection_cpp.hpp
-- Up-to-date: /home/sangeetsu/irlsim/LanguagePolicies/ros2/install/policy_translation/include/policy_translation/srv/tune_network__type_support.cpp
-- Up-to-date: /home/sangeetsu/irlsim/LanguagePolicies/ros2/install/policy_translation/lib/libpolicy_translation__rosidl_typesupport_introspection_cpp.so
-- Up-to-date: /home/sangeetsu/irlsim/LanguagePolicies/ros2/install/policy_translation/share/policy_translation/environment/pythonpath.sh
-- Up-to-date: /home/sangeetsu/irlsim/LanguagePolicies/ros2/install/policy_translation/share/policy_translation/environment/pythonpath.dsv
-- Up-to-date: /home/sangeetsu/irlsim/LanguagePolicies/ros2/install/policy_translation/lib/python3.8/site-packages/policy_translation/__init__.py
-- Up-to-date: /home/sangeetsu/irlsim/LanguagePolicies/ros2/install/policy_translation/lib/python3.8/site-packages/policy_translation/srv
-- Up-to-date: /home/sangeetsu/irlsim/LanguagePolicies/ros2/install/policy_translation/lib/python3.8/site-packages/policy_translation/srv/_tune_network.py
-- Up-to-date: /home/sangeetsu/irlsim/LanguagePolicies/ros2/install/policy_translation/lib/python3.8/site-packages/policy_translation/srv/__init__.py
-- Up-to-date: /home/sangeetsu/irlsim/LanguagePolicies/ros2/install/policy_translation/lib/python3.8/site-packages/policy_translation/srv/_network_pt.py
-- Up-to-date: /home/sangeetsu/irlsim/LanguagePolicies/ros2/install/policy_translation/lib/python3.8/site-packages/policy_translation/srv/_network_pt_s.c
-- Up-to-date: /home/sangeetsu/irlsim/LanguagePolicies/ros2/install/policy_translation/lib/python3.8/site-packages/policy_translation/srv/_tune_network_s.c
-- Up-to-date: /home/sangeetsu/irlsim/LanguagePolicies/ros2/install/policy_translation/lib/python3.8/site-packages/policy_translation/msg
-- Up-to-date: /home/sangeetsu/irlsim/LanguagePolicies/ros2/install/policy_translation/lib/python3.8/site-packages/policy_translation/msg/_dummy_s.c
-- Up-to-date: /home/sangeetsu/irlsim/LanguagePolicies/ros2/install/policy_translation/lib/python3.8/site-packages/policy_translation/msg/__init__.py
-- Up-to-date: /home/sangeetsu/irlsim/LanguagePolicies/ros2/install/policy_translation/lib/python3.8/site-packages/policy_translation/msg/_dummy.py
-- Up-to-date: /home/sangeetsu/irlsim/LanguagePolicies/ros2/install/policy_translation/lib/python3.8/site-packages/policy_translation/policy_translation_s__rosidl_typesupport_c.cpython-38-x86_64-linux-gnu.so
-- Up-to-date: /home/sangeetsu/irlsim/LanguagePolicies/ros2/install/policy_translation/lib/python3.8/site-packages/policy_translation/policy_translation_s__rosidl_typesupport_fastrtps_c.cpython-38-x86_64-linux-gnu.so
-- Up-to-date: /home/sangeetsu/irlsim/LanguagePolicies/ros2/install/policy_translation/lib/libpolicy_translation__python.so
-- Up-to-date: /home/sangeetsu/irlsim/LanguagePolicies/ros2/install/policy_translation/share/policy_translation/srv/NetworkPT.idl
-- Up-to-date: /home/sangeetsu/irlsim/LanguagePolicies/ros2/install/policy_translation/share/policy_translation/srv/TuneNetwork.idl
-- Up-to-date: /home/sangeetsu/irlsim/LanguagePolicies/ros2/install/policy_translation/share/policy_translation/msg/Dummy.idl
-- Up-to-date: /home/sangeetsu/irlsim/LanguagePolicies/ros2/install/policy_translation/share/policy_translation/srv/NetworkPT.srv
-- Up-to-date: /home/sangeetsu/irlsim/LanguagePolicies/ros2/install/policy_translation/share/policy_translation/srv/NetworkPT_Request.msg
-- Up-to-date: /home/sangeetsu/irlsim/LanguagePolicies/ros2/install/policy_translation/share/policy_translation/srv/NetworkPT_Response.msg
-- Up-to-date: /home/sangeetsu/irlsim/LanguagePolicies/ros2/install/policy_translation/share/policy_translation/srv/TuneNetwork.srv
-- Up-to-date: /home/sangeetsu/irlsim/LanguagePolicies/ros2/install/policy_translation/share/policy_translation/srv/TuneNetwork_Request.msg
-- Up-to-date: /home/sangeetsu/irlsim/LanguagePolicies/ros2/install/policy_translation/share/policy_translation/srv/TuneNetwork_Response.msg
-- Up-to-date: /home/sangeetsu/irlsim/LanguagePolicies/ros2/install/policy_translation/share/policy_translation/msg/Dummy.msg
-- Up-to-date: /home/sangeetsu/irlsim/LanguagePolicies/ros2/install/policy_translation/share/ament_index/resource_index/package_run_dependencies/policy_translation
-- Up-to-date: /home/sangeetsu/irlsim/LanguagePolicies/ros2/install/policy_translation/share/ament_index/resource_index/parent_prefix_path/policy_translation
-- Up-to-date: /home/sangeetsu/irlsim/LanguagePolicies/ros2/install/policy_translation/share/policy_translation/environment/ament_prefix_path.sh
-- Up-to-date: /home/sangeetsu/irlsim/LanguagePolicies/ros2/install/policy_translation/share/policy_translation/environment/ament_prefix_path.dsv
-- Up-to-date: /home/sangeetsu/irlsim/LanguagePolicies/ros2/install/policy_translation/share/policy_translation/environment/path.sh
-- Up-to-date: /home/sangeetsu/irlsim/LanguagePolicies/ros2/install/policy_translation/share/policy_translation/environment/path.dsv
-- Up-to-date: /home/sangeetsu/irlsim/LanguagePolicies/ros2/install/policy_translation/share/policy_translation/local_setup.bash
-- Up-to-date: /home/sangeetsu/irlsim/LanguagePolicies/ros2/install/policy_translation/share/policy_translation/local_setup.sh
-- Up-to-date: /home/sangeetsu/irlsim/LanguagePolicies/ros2/install/policy_translation/share/policy_translation/local_setup.zsh
-- Up-to-date: /home/sangeetsu/irlsim/LanguagePolicies/ros2/install/policy_translation/share/policy_translation/local_setup.dsv
-- Installing: /home/sangeetsu/irlsim/LanguagePolicies/ros2/install/policy_translation/share/policy_translation/package.dsv
-- Up-to-date: /home/sangeetsu/irlsim/LanguagePolicies/ros2/install/policy_translation/share/ament_index/resource_index/packages/policy_translation
-- Up-to-date: /home/sangeetsu/irlsim/LanguagePolicies/ros2/install/policy_translation/share/policy_translation/cmake/rosidl_cmake-extras.cmake
-- Up-to-date: /home/sangeetsu/irlsim/LanguagePolicies/ros2/install/policy_translation/share/policy_translation/cmake/ament_cmake_export_dependencies-extras.cmake
-- Up-to-date: /home/sangeetsu/irlsim/LanguagePolicies/ros2/install/policy_translation/share/policy_translation/cmake/ament_cmake_export_libraries-extras.cmake
-- Up-to-date: /home/sangeetsu/irlsim/LanguagePolicies/ros2/install/policy_translation/share/policy_translation/cmake/ament_cmake_export_include_directories-extras.cmake
-- Up-to-date: /home/sangeetsu/irlsim/LanguagePolicies/ros2/install/policy_translation/share/policy_translation/cmake/policy_translationConfig.cmake
-- Up-to-date: /home/sangeetsu/irlsim/LanguagePolicies/ros2/install/policy_translation/share/policy_translation/cmake/policy_translationConfig-version.cmake
-- Up-to-date: /home/sangeetsu/irlsim/LanguagePolicies/ros2/install/policy_translation/share/policy_translation/package.xml
