[0.020s] Invoking command in '/home/sangeetsu/irlsim/LanguagePolicies/ros2/build/policy_translation': CMAKE_PREFIX_PATH=${CMAKE_PREFIX_PATH}:/opt/ros/eloquent CONDA_PROMPT_MODIFIER=(irlsim) /usr/bin/cmake --build /home/sangeetsu/irlsim/LanguagePolicies/ros2/build/policy_translation -- -j8 -l8
[0.089s] [  2%] Built target policy_translation__cpp
[0.094s] [ 13%] Built target policy_translation__rosidl_generator_c
[0.127s] [ 24%] Built target policy_translation__rosidl_typesupport_introspection_cpp
[0.130s] [ 35%] Built target policy_translation__rosidl_typesupport_fastrtps_cpp
[0.130s] [ 46%] Built target policy_translation__rosidl_typesupport_introspection_c
[0.166s] [ 68%] Built target policy_translation__rosidl_typesupport_cpp
[0.166s] [ 68%] Built target policy_translation__rosidl_typesupport_fastrtps_c
[0.198s] [ 80%] Built target policy_translation__rosidl_typesupport_c
[0.222s] [ 80%] Built target policy_translation
[0.250s] [ 82%] Built target policy_translation__py
[0.279s] [ 91%] Built target policy_translation__python
[0.310s] [ 95%] Built target policy_translation__rosidl_typesupport_fastrtps_c__pyext
[0.316s] [100%] Built target policy_translation__rosidl_typesupport_c__pyext
[0.329s] Invoked command in '/home/sangeetsu/irlsim/LanguagePolicies/ros2/build/policy_translation' returned '0': CMAKE_PREFIX_PATH=${CMAKE_PREFIX_PATH}:/opt/ros/eloquent CONDA_PROMPT_MODIFIER=(irlsim) /usr/bin/cmake --build /home/sangeetsu/irlsim/LanguagePolicies/ros2/build/policy_translation -- -j8 -l8
[0.418s] Invoking command in '/home/sangeetsu/irlsim/LanguagePolicies/ros2/build/policy_translation': CMAKE_PREFIX_PATH=${CMAKE_PREFIX_PATH}:/opt/ros/eloquent CONDA_PROMPT_MODIFIER=(irlsim) /usr/bin/cmake --build /home/sangeetsu/irlsim/LanguagePolicies/ros2/build/policy_translation --target install -- -j8 -l8
[0.481s] [ 11%] Built target policy_translation__rosidl_generator_c
[0.482s] [ 13%] Built target policy_translation__cpp
[0.513s] [ 24%] Built target policy_translation__rosidl_typesupport_introspection_cpp
[0.513s] [ 35%] Built target policy_translation__rosidl_typesupport_introspection_c
[0.517s] [ 46%] Built target policy_translation__rosidl_typesupport_fastrtps_cpp
[0.549s] [ 57%] Built target policy_translation__rosidl_typesupport_cpp
[0.551s] [ 68%] Built target policy_translation__rosidl_typesupport_fastrtps_c
[0.581s] [ 80%] Built target policy_translation__rosidl_typesupport_c
[0.602s] [ 80%] Built target policy_translation
[0.626s] [ 82%] Built target policy_translation__py
[0.659s] [ 91%] Built target policy_translation__python
[0.696s] [ 95%] Built target policy_translation__rosidl_typesupport_fastrtps_c__pyext
[0.699s] [100%] Built target policy_translation__rosidl_typesupport_c__pyext
[0.720s] [36mInstall the project...[0m
[0.730s] -- Install configuration: ""
[0.731s] -- Up-to-date: /home/sangeetsu/irlsim/LanguagePolicies/ros2/install/policy_translation/share/ament_index/resource_index/rosidl_interfaces/policy_translation
[0.731s] -- Up-to-date: /home/sangeetsu/irlsim/LanguagePolicies/ros2/install/policy_translation/lib/libpolicy_translation__rosidl_typesupport_c.so
[0.731s] -- Up-to-date: /home/sangeetsu/irlsim/LanguagePolicies/ros2/install/policy_translation/share/policy_translation/environment/library_path.sh
[0.731s] -- Up-to-date: /home/sangeetsu/irlsim/LanguagePolicies/ros2/install/policy_translation/share/policy_translation/environment/library_path.dsv
[0.732s] -- Up-to-date: /home/sangeetsu/irlsim/LanguagePolicies/ros2/install/policy_translation/lib/libpolicy_translation__rosidl_typesupport_cpp.so
[0.732s] -- Up-to-date: /home/sangeetsu/irlsim/LanguagePolicies/ros2/install/policy_translation/include/policy_translation
[0.732s] -- Up-to-date: /home/sangeetsu/irlsim/LanguagePolicies/ros2/install/policy_translation/include/policy_translation/msg
[0.732s] -- Up-to-date: /home/sangeetsu/irlsim/LanguagePolicies/ros2/install/policy_translation/include/policy_translation/msg/rosidl_typesupport_fastrtps_c__visibility_control.h
[0.732s] -- Up-to-date: /home/sangeetsu/irlsim/LanguagePolicies/ros2/install/policy_translation/include/policy_translation/msg/dummy__rosidl_typesupport_fastrtps_c.h
[0.733s] -- Up-to-date: /home/sangeetsu/irlsim/LanguagePolicies/ros2/install/policy_translation/include/policy_translation/srv
[0.733s] -- Up-to-date: /home/sangeetsu/irlsim/LanguagePolicies/ros2/install/policy_translation/include/policy_translation/srv/network_pt__rosidl_typesupport_fastrtps_c.h
[0.733s] -- Up-to-date: /home/sangeetsu/irlsim/LanguagePolicies/ros2/install/policy_translation/include/policy_translation/srv/tune_network__rosidl_typesupport_fastrtps_c.h
[0.733s] -- Up-to-date: /home/sangeetsu/irlsim/LanguagePolicies/ros2/install/policy_translation/lib/libpolicy_translation__rosidl_typesupport_fastrtps_c.so
[0.734s] -- Up-to-date: /home/sangeetsu/irlsim/LanguagePolicies/ros2/install/policy_translation/include/policy_translation
[0.734s] -- Up-to-date: /home/sangeetsu/irlsim/LanguagePolicies/ros2/install/policy_translation/include/policy_translation/msg
[0.734s] -- Up-to-date: /home/sangeetsu/irlsim/LanguagePolicies/ros2/install/policy_translation/include/policy_translation/msg/dummy__type_support.h
[0.734s] -- Up-to-date: /home/sangeetsu/irlsim/LanguagePolicies/ros2/install/policy_translation/include/policy_translation/msg/dummy__functions.c
[0.734s] -- Up-to-date: /home/sangeetsu/irlsim/LanguagePolicies/ros2/install/policy_translation/include/policy_translation/msg/dummy__struct.h
[0.735s] -- Up-to-date: /home/sangeetsu/irlsim/LanguagePolicies/ros2/install/policy_translation/include/policy_translation/msg/dummy.h
[0.735s] -- Up-to-date: /home/sangeetsu/irlsim/LanguagePolicies/ros2/install/policy_translation/include/policy_translation/msg/rosidl_generator_c__visibility_control.h
[0.735s] -- Up-to-date: /home/sangeetsu/irlsim/LanguagePolicies/ros2/install/policy_translation/include/policy_translation/msg/dummy__functions.h
[0.735s] -- Up-to-date: /home/sangeetsu/irlsim/LanguagePolicies/ros2/install/policy_translation/include/policy_translation/srv
[0.735s] -- Up-to-date: /home/sangeetsu/irlsim/LanguagePolicies/ros2/install/policy_translation/include/policy_translation/srv/network_pt.h
[0.735s] -- Up-to-date: /home/sangeetsu/irlsim/LanguagePolicies/ros2/install/policy_translation/include/policy_translation/srv/tune_network__type_support.h
[0.736s] -- Up-to-date: /home/sangeetsu/irlsim/LanguagePolicies/ros2/install/policy_translation/include/policy_translation/srv/network_pt__functions.h
[0.736s] -- Up-to-date: /home/sangeetsu/irlsim/LanguagePolicies/ros2/install/policy_translation/include/policy_translation/srv/network_pt__struct.h
[0.736s] -- Up-to-date: /home/sangeetsu/irlsim/LanguagePolicies/ros2/install/policy_translation/include/policy_translation/srv/network_pt__functions.c
[0.736s] -- Up-to-date: /home/sangeetsu/irlsim/LanguagePolicies/ros2/install/policy_translation/include/policy_translation/srv/tune_network__functions.h
[0.736s] -- Up-to-date: /home/sangeetsu/irlsim/LanguagePolicies/ros2/install/policy_translation/include/policy_translation/srv/tune_network__functions.c
[0.736s] -- Up-to-date: /home/sangeetsu/irlsim/LanguagePolicies/ros2/install/policy_translation/include/policy_translation/srv/network_pt__type_support.h
[0.736s] -- Up-to-date: /home/sangeetsu/irlsim/LanguagePolicies/ros2/install/policy_translation/include/policy_translation/srv/tune_network__struct.h
[0.737s] -- Up-to-date: /home/sangeetsu/irlsim/LanguagePolicies/ros2/install/policy_translation/include/policy_translation/srv/tune_network.h
[0.737s] -- Up-to-date: /home/sangeetsu/irlsim/LanguagePolicies/ros2/install/policy_translation/lib/libpolicy_translation__rosidl_generator_c.so
[0.737s] -- Up-to-date: /home/sangeetsu/irlsim/LanguagePolicies/ros2/install/policy_translation/include/policy_translation
[0.737s] -- Up-to-date: /home/sangeetsu/irlsim/LanguagePolicies/ros2/install/policy_translation/include/policy_translation/msg
[0.737s] -- Up-to-date: /home/sangeetsu/irlsim/LanguagePolicies/ros2/install/policy_translation/include/policy_translation/msg/dummy__rosidl_typesupport_fastrtps_cpp.hpp
[0.737s] -- Up-to-date: /home/sangeetsu/irlsim/LanguagePolicies/ros2/install/policy_translation/include/policy_translation/msg/dds_fastrtps
[0.737s] -- Up-to-date: /home/sangeetsu/irlsim/LanguagePolicies/ros2/install/policy_translation/include/policy_translation/msg/rosidl_typesupport_fastrtps_cpp__visibility_control.h
[0.738s] -- Up-to-date: /home/sangeetsu/irlsim/LanguagePolicies/ros2/install/policy_translation/include/policy_translation/srv
[0.738s] -- Up-to-date: /home/sangeetsu/irlsim/LanguagePolicies/ros2/install/policy_translation/include/policy_translation/srv/tune_network__rosidl_typesupport_fastrtps_cpp.hpp
[0.738s] -- Up-to-date: /home/sangeetsu/irlsim/LanguagePolicies/ros2/install/policy_translation/include/policy_translation/srv/dds_fastrtps
[0.738s] -- Up-to-date: /home/sangeetsu/irlsim/LanguagePolicies/ros2/install/policy_translation/include/policy_translation/srv/network_pt__rosidl_typesupport_fastrtps_cpp.hpp
[0.738s] -- Up-to-date: /home/sangeetsu/irlsim/LanguagePolicies/ros2/install/policy_translation/lib/libpolicy_translation__rosidl_typesupport_fastrtps_cpp.so
[0.739s] -- Up-to-date: /home/sangeetsu/irlsim/LanguagePolicies/ros2/install/policy_translation/include/policy_translation
[0.739s] -- Up-to-date: /home/sangeetsu/irlsim/LanguagePolicies/ros2/install/policy_translation/include/policy_translation/msg
[0.739s] -- Up-to-date: /home/sangeetsu/irlsim/LanguagePolicies/ros2/install/policy_translation/include/policy_translation/msg/dummy.hpp
[0.739s] -- Up-to-date: /home/sangeetsu/irlsim/LanguagePolicies/ros2/install/policy_translation/include/policy_translation/msg/dummy__traits.hpp
[0.739s] -- Up-to-date: /home/sangeetsu/irlsim/LanguagePolicies/ros2/install/policy_translation/include/policy_translation/msg/dummy__struct.hpp
[0.739s] -- Up-to-date: /home/sangeetsu/irlsim/LanguagePolicies/ros2/install/policy_translation/include/policy_translation/srv
[0.740s] -- Up-to-date: /home/sangeetsu/irlsim/LanguagePolicies/ros2/install/policy_translation/include/policy_translation/srv/tune_network.hpp
[0.740s] -- Up-to-date: /home/sangeetsu/irlsim/LanguagePolicies/ros2/install/policy_translation/include/policy_translation/srv/network_pt__struct.hpp
[0.740s] -- Up-to-date: /home/sangeetsu/irlsim/LanguagePolicies/ros2/install/policy_translation/include/policy_translation/srv/network_pt__traits.hpp
[0.740s] -- Up-to-date: /home/sangeetsu/irlsim/LanguagePolicies/ros2/install/policy_translation/include/policy_translation/srv/tune_network__traits.hpp
[0.740s] -- Up-to-date: /home/sangeetsu/irlsim/LanguagePolicies/ros2/install/policy_translation/include/policy_translation/srv/tune_network__struct.hpp
[0.740s] -- Up-to-date: /home/sangeetsu/irlsim/LanguagePolicies/ros2/install/policy_translation/include/policy_translation/srv/network_pt.hpp
[0.740s] -- Up-to-date: /home/sangeetsu/irlsim/LanguagePolicies/ros2/install/policy_translation/include/policy_translation
[0.741s] -- Up-to-date: /home/sangeetsu/irlsim/LanguagePolicies/ros2/install/policy_translation/include/policy_translation/msg
[0.741s] -- Up-to-date: /home/sangeetsu/irlsim/LanguagePolicies/ros2/install/policy_translation/include/policy_translation/msg/dummy__type_support.c
[0.741s] -- Up-to-date: /home/sangeetsu/irlsim/LanguagePolicies/ros2/install/policy_translation/include/policy_translation/msg/rosidl_typesupport_introspection_c__visibility_control.h
[0.741s] -- Up-to-date: /home/sangeetsu/irlsim/LanguagePolicies/ros2/install/policy_translation/include/policy_translation/msg/dummy__rosidl_typesupport_introspection_c.h
[0.741s] -- Up-to-date: /home/sangeetsu/irlsim/LanguagePolicies/ros2/install/policy_translation/include/policy_translation/srv
[0.741s] -- Up-to-date: /home/sangeetsu/irlsim/LanguagePolicies/ros2/install/policy_translation/include/policy_translation/srv/network_pt__type_support.c
[0.741s] -- Up-to-date: /home/sangeetsu/irlsim/LanguagePolicies/ros2/install/policy_translation/include/policy_translation/srv/tune_network__type_support.c
[0.742s] -- Up-to-date: /home/sangeetsu/irlsim/LanguagePolicies/ros2/install/policy_translation/include/policy_translation/srv/tune_network__rosidl_typesupport_introspection_c.h
[0.742s] -- Up-to-date: /home/sangeetsu/irlsim/LanguagePolicies/ros2/install/policy_translation/include/policy_translation/srv/network_pt__rosidl_typesupport_introspection_c.h
[0.742s] -- Up-to-date: /home/sangeetsu/irlsim/LanguagePolicies/ros2/install/policy_translation/lib/libpolicy_translation__rosidl_typesupport_introspection_c.so
[0.742s] -- Up-to-date: /home/sangeetsu/irlsim/LanguagePolicies/ros2/install/policy_translation/include/policy_translation
[0.742s] -- Up-to-date: /home/sangeetsu/irlsim/LanguagePolicies/ros2/install/policy_translation/include/policy_translation/msg
[0.742s] -- Up-to-date: /home/sangeetsu/irlsim/LanguagePolicies/ros2/install/policy_translation/include/policy_translation/msg/dummy__type_support.cpp
[0.743s] -- Up-to-date: /home/sangeetsu/irlsim/LanguagePolicies/ros2/install/policy_translation/include/policy_translation/msg/dummy__rosidl_typesupport_introspection_cpp.hpp
[0.743s] -- Up-to-date: /home/sangeetsu/irlsim/LanguagePolicies/ros2/install/policy_translation/include/policy_translation/srv
[0.743s] -- Up-to-date: /home/sangeetsu/irlsim/LanguagePolicies/ros2/install/policy_translation/include/policy_translation/srv/network_pt__type_support.cpp
[0.743s] -- Up-to-date: /home/sangeetsu/irlsim/LanguagePolicies/ros2/install/policy_translation/include/policy_translation/srv/tune_network__rosidl_typesupport_introspection_cpp.hpp
[0.743s] -- Up-to-date: /home/sangeetsu/irlsim/LanguagePolicies/ros2/install/policy_translation/include/policy_translation/srv/network_pt__rosidl_typesupport_introspection_cpp.hpp
[0.743s] -- Up-to-date: /home/sangeetsu/irlsim/LanguagePolicies/ros2/install/policy_translation/include/policy_translation/srv/tune_network__type_support.cpp
[0.743s] -- Up-to-date: /home/sangeetsu/irlsim/LanguagePolicies/ros2/install/policy_translation/lib/libpolicy_translation__rosidl_typesupport_introspection_cpp.so
[0.744s] -- Up-to-date: /home/sangeetsu/irlsim/LanguagePolicies/ros2/install/policy_translation/share/policy_translation/environment/pythonpath.sh
[0.744s] -- Up-to-date: /home/sangeetsu/irlsim/LanguagePolicies/ros2/install/policy_translation/share/policy_translation/environment/pythonpath.dsv
[0.744s] -- Up-to-date: /home/sangeetsu/irlsim/LanguagePolicies/ros2/install/policy_translation/lib/python3.8/site-packages/policy_translation/__init__.py
[0.793s] -- Up-to-date: /home/sangeetsu/irlsim/LanguagePolicies/ros2/install/policy_translation/lib/python3.8/site-packages/policy_translation/srv
[0.793s] -- Up-to-date: /home/sangeetsu/irlsim/LanguagePolicies/ros2/install/policy_translation/lib/python3.8/site-packages/policy_translation/srv/_tune_network.py
[0.793s] -- Up-to-date: /home/sangeetsu/irlsim/LanguagePolicies/ros2/install/policy_translation/lib/python3.8/site-packages/policy_translation/srv/__init__.py
[0.793s] -- Up-to-date: /home/sangeetsu/irlsim/LanguagePolicies/ros2/install/policy_translation/lib/python3.8/site-packages/policy_translation/srv/_network_pt.py
[0.794s] -- Up-to-date: /home/sangeetsu/irlsim/LanguagePolicies/ros2/install/policy_translation/lib/python3.8/site-packages/policy_translation/srv/_network_pt_s.c
[0.794s] -- Up-to-date: /home/sangeetsu/irlsim/LanguagePolicies/ros2/install/policy_translation/lib/python3.8/site-packages/policy_translation/srv/_tune_network_s.c
[0.794s] -- Up-to-date: /home/sangeetsu/irlsim/LanguagePolicies/ros2/install/policy_translation/lib/python3.8/site-packages/policy_translation/msg
[0.794s] -- Up-to-date: /home/sangeetsu/irlsim/LanguagePolicies/ros2/install/policy_translation/lib/python3.8/site-packages/policy_translation/msg/_dummy_s.c
[0.795s] -- Up-to-date: /home/sangeetsu/irlsim/LanguagePolicies/ros2/install/policy_translation/lib/python3.8/site-packages/policy_translation/msg/__init__.py
[0.795s] -- Up-to-date: /home/sangeetsu/irlsim/LanguagePolicies/ros2/install/policy_translation/lib/python3.8/site-packages/policy_translation/msg/_dummy.py
[0.795s] -- Up-to-date: /home/sangeetsu/irlsim/LanguagePolicies/ros2/install/policy_translation/lib/python3.8/site-packages/policy_translation/policy_translation_s__rosidl_typesupport_c.cpython-38-x86_64-linux-gnu.so
[0.795s] -- Up-to-date: /home/sangeetsu/irlsim/LanguagePolicies/ros2/install/policy_translation/lib/python3.8/site-packages/policy_translation/policy_translation_s__rosidl_typesupport_fastrtps_c.cpython-38-x86_64-linux-gnu.so
[0.796s] -- Up-to-date: /home/sangeetsu/irlsim/LanguagePolicies/ros2/install/policy_translation/lib/libpolicy_translation__python.so
[0.796s] -- Up-to-date: /home/sangeetsu/irlsim/LanguagePolicies/ros2/install/policy_translation/share/policy_translation/srv/NetworkPT.idl
[0.796s] -- Up-to-date: /home/sangeetsu/irlsim/LanguagePolicies/ros2/install/policy_translation/share/policy_translation/srv/TuneNetwork.idl
[0.796s] -- Up-to-date: /home/sangeetsu/irlsim/LanguagePolicies/ros2/install/policy_translation/share/policy_translation/msg/Dummy.idl
[0.796s] -- Up-to-date: /home/sangeetsu/irlsim/LanguagePolicies/ros2/install/policy_translation/share/policy_translation/srv/NetworkPT.srv
[0.797s] -- Up-to-date: /home/sangeetsu/irlsim/LanguagePolicies/ros2/install/policy_translation/share/policy_translation/srv/NetworkPT_Request.msg
[0.797s] -- Up-to-date: /home/sangeetsu/irlsim/LanguagePolicies/ros2/install/policy_translation/share/policy_translation/srv/NetworkPT_Response.msg
[0.797s] -- Up-to-date: /home/sangeetsu/irlsim/LanguagePolicies/ros2/install/policy_translation/share/policy_translation/srv/TuneNetwork.srv
[0.797s] -- Up-to-date: /home/sangeetsu/irlsim/LanguagePolicies/ros2/install/policy_translation/share/policy_translation/srv/TuneNetwork_Request.msg
[0.797s] -- Up-to-date: /home/sangeetsu/irlsim/LanguagePolicies/ros2/install/policy_translation/share/policy_translation/srv/TuneNetwork_Response.msg
[0.797s] -- Up-to-date: /home/sangeetsu/irlsim/LanguagePolicies/ros2/install/policy_translation/share/policy_translation/msg/Dummy.msg
[0.797s] -- Up-to-date: /home/sangeetsu/irlsim/LanguagePolicies/ros2/install/policy_translation/share/ament_index/resource_index/package_run_dependencies/policy_translation
[0.797s] -- Up-to-date: /home/sangeetsu/irlsim/LanguagePolicies/ros2/install/policy_translation/share/ament_index/resource_index/parent_prefix_path/policy_translation
[0.798s] -- Up-to-date: /home/sangeetsu/irlsim/LanguagePolicies/ros2/install/policy_translation/share/policy_translation/environment/ament_prefix_path.sh
[0.798s] -- Up-to-date: /home/sangeetsu/irlsim/LanguagePolicies/ros2/install/policy_translation/share/policy_translation/environment/ament_prefix_path.dsv
[0.798s] -- Up-to-date: /home/sangeetsu/irlsim/LanguagePolicies/ros2/install/policy_translation/share/policy_translation/environment/path.sh
[0.798s] -- Up-to-date: /home/sangeetsu/irlsim/LanguagePolicies/ros2/install/policy_translation/share/policy_translation/environment/path.dsv
[0.798s] -- Up-to-date: /home/sangeetsu/irlsim/LanguagePolicies/ros2/install/policy_translation/share/policy_translation/local_setup.bash
[0.798s] -- Up-to-date: /home/sangeetsu/irlsim/LanguagePolicies/ros2/install/policy_translation/share/policy_translation/local_setup.sh
[0.798s] -- Up-to-date: /home/sangeetsu/irlsim/LanguagePolicies/ros2/install/policy_translation/share/policy_translation/local_setup.zsh
[0.798s] -- Up-to-date: /home/sangeetsu/irlsim/LanguagePolicies/ros2/install/policy_translation/share/policy_translation/local_setup.dsv
[0.798s] -- Installing: /home/sangeetsu/irlsim/LanguagePolicies/ros2/install/policy_translation/share/policy_translation/package.dsv
[0.798s] -- Up-to-date: /home/sangeetsu/irlsim/LanguagePolicies/ros2/install/policy_translation/share/ament_index/resource_index/packages/policy_translation
[0.798s] -- Up-to-date: /home/sangeetsu/irlsim/LanguagePolicies/ros2/install/policy_translation/share/policy_translation/cmake/rosidl_cmake-extras.cmake
[0.799s] -- Up-to-date: /home/sangeetsu/irlsim/LanguagePolicies/ros2/install/policy_translation/share/policy_translation/cmake/ament_cmake_export_dependencies-extras.cmake
[0.799s] -- Up-to-date: /home/sangeetsu/irlsim/LanguagePolicies/ros2/install/policy_translation/share/policy_translation/cmake/ament_cmake_export_libraries-extras.cmake
[0.799s] -- Up-to-date: /home/sangeetsu/irlsim/LanguagePolicies/ros2/install/policy_translation/share/policy_translation/cmake/ament_cmake_export_include_directories-extras.cmake
[0.799s] -- Up-to-date: /home/sangeetsu/irlsim/LanguagePolicies/ros2/install/policy_translation/share/policy_translation/cmake/policy_translationConfig.cmake
[0.799s] -- Up-to-date: /home/sangeetsu/irlsim/LanguagePolicies/ros2/install/policy_translation/share/policy_translation/cmake/policy_translationConfig-version.cmake
[0.799s] -- Up-to-date: /home/sangeetsu/irlsim/LanguagePolicies/ros2/install/policy_translation/share/policy_translation/package.xml
[0.807s] Invoked command in '/home/sangeetsu/irlsim/LanguagePolicies/ros2/build/policy_translation' returned '0': CMAKE_PREFIX_PATH=${CMAKE_PREFIX_PATH}:/opt/ros/eloquent CONDA_PROMPT_MODIFIER=(irlsim) /usr/bin/cmake --build /home/sangeetsu/irlsim/LanguagePolicies/ros2/build/policy_translation --target install -- -j8 -l8
