[0.019s] Invoking command in '/home/sangeetsu/irlsim/LanguagePolicies/ros2/build/policy_translation': CMAKE_PREFIX_PATH=/opt/ros/eloquent CONDA_PROMPT_MODIFIER=(irlsim) /usr/bin/cmake --build /home/sangeetsu/irlsim/LanguagePolicies/ros2/build/policy_translation -- -j8 -l8
[0.084s] [  2%] [34m[1mGenerating C code for ROS interfaces[0m
[0.093s] [  4%] [34m[1mGenerating C++ code for ROS interfaces[0m
[0.568s] [  4%] Built target policy_translation__cpp
[0.582s] [  6%] [34m[1mGenerating C++ introspection for ROS interfaces[0m
[0.584s] [  8%] [34m[1mGenerating C++ type support for eProsima Fast-RTPS[0m
[0.766s] [35m[1mScanning dependencies of target policy_translation__rosidl_generator_c[0m
[0.785s] [ 11%] [32mBuilding C object CMakeFiles/policy_translation__rosidl_generator_c.dir/rosidl_generator_c/policy_translation/srv/network_pt__functions.c.o[0m
[0.787s] [ 13%] [32mBuilding C object CMakeFiles/policy_translation__rosidl_generator_c.dir/rosidl_generator_c/policy_translation/msg/dummy__functions.c.o[0m
[0.801s] [ 15%] [32mBuilding C object CMakeFiles/policy_translation__rosidl_generator_c.dir/rosidl_generator_c/policy_translation/srv/tune_network__functions.c.o[0m
[0.860s] [ 17%] [32m[1mLinking C shared library libpolicy_translation__rosidl_generator_c.so[0m
[0.925s] [ 17%] Built target policy_translation__rosidl_generator_c
[0.941s] [ 20%] [34m[1mGenerating C introspection for ROS interfaces[0m
[1.275s] [35m[1mScanning dependencies of target policy_translation__rosidl_typesupport_introspection_cpp[0m
[1.306s] [ 22%] [32mBuilding CXX object CMakeFiles/policy_translation__rosidl_typesupport_introspection_cpp.dir/rosidl_typesupport_introspection_cpp/policy_translation/srv/network_pt__type_support.cpp.o[0m
[1.317s] [ 24%] [32mBuilding CXX object CMakeFiles/policy_translation__rosidl_typesupport_introspection_cpp.dir/rosidl_typesupport_introspection_cpp/policy_translation/srv/tune_network__type_support.cpp.o[0m
[1.331s] [ 26%] [32mBuilding CXX object CMakeFiles/policy_translation__rosidl_typesupport_introspection_cpp.dir/rosidl_typesupport_introspection_cpp/policy_translation/msg/dummy__type_support.cpp.o[0m
[1.464s] [35m[1mScanning dependencies of target policy_translation__rosidl_typesupport_fastrtps_cpp[0m
[1.541s] [ 28%] [32mBuilding CXX object CMakeFiles/policy_translation__rosidl_typesupport_fastrtps_cpp.dir/rosidl_typesupport_fastrtps_cpp/policy_translation/msg/dds_fastrtps/dummy__type_support.cpp.o[0m
[1.546s] [ 31%] [32mBuilding CXX object CMakeFiles/policy_translation__rosidl_typesupport_fastrtps_cpp.dir/rosidl_typesupport_fastrtps_cpp/policy_translation/srv/dds_fastrtps/network_pt__type_support.cpp.o[0m
[1.571s] [ 33%] [32mBuilding CXX object CMakeFiles/policy_translation__rosidl_typesupport_fastrtps_cpp.dir/rosidl_typesupport_fastrtps_cpp/policy_translation/srv/dds_fastrtps/tune_network__type_support.cpp.o[0m
[2.058s] [ 35%] [32m[1mLinking CXX shared library libpolicy_translation__rosidl_typesupport_introspection_cpp.so[0m
[2.088s] [35m[1mScanning dependencies of target policy_translation__rosidl_typesupport_introspection_c[0m
[2.120s] [ 37%] [32mBuilding C object CMakeFiles/policy_translation__rosidl_typesupport_introspection_c.dir/rosidl_typesupport_introspection_c/policy_translation/srv/network_pt__type_support.c.o[0m
[2.132s] [ 40%] [32mBuilding C object CMakeFiles/policy_translation__rosidl_typesupport_introspection_c.dir/rosidl_typesupport_introspection_c/policy_translation/msg/dummy__type_support.c.o[0m
[2.139s] [ 42%] [32mBuilding C object CMakeFiles/policy_translation__rosidl_typesupport_introspection_c.dir/rosidl_typesupport_introspection_c/policy_translation/srv/tune_network__type_support.c.o[0m
[2.323s] [ 44%] [32m[1mLinking C shared library libpolicy_translation__rosidl_typesupport_introspection_c.so[0m
[2.352s] [ 44%] Built target policy_translation__rosidl_typesupport_introspection_cpp
[2.497s] [ 44%] Built target policy_translation__rosidl_typesupport_introspection_c
[2.715s] [ 46%] [32m[1mLinking CXX shared library libpolicy_translation__rosidl_typesupport_fastrtps_cpp.so[0m
[2.881s] [ 46%] Built target policy_translation__rosidl_typesupport_fastrtps_cpp
[2.900s] [ 48%] [34m[1mGenerating C++ type support dispatch for ROS interfaces[0m
[2.905s] [ 51%] [34m[1mGenerating C type support for eProsima Fast-RTPS[0m
[3.569s] [35m[1mScanning dependencies of target policy_translation__rosidl_typesupport_cpp[0m
[3.602s] [ 53%] [32mBuilding CXX object CMakeFiles/policy_translation__rosidl_typesupport_cpp.dir/rosidl_typesupport_cpp/policy_translation/msg/dummy__type_support.cpp.o[0m
[3.603s] [ 55%] [32mBuilding CXX object CMakeFiles/policy_translation__rosidl_typesupport_cpp.dir/rosidl_typesupport_cpp/policy_translation/srv/tune_network__type_support.cpp.o[0m
[3.610s] [ 57%] [32mBuilding CXX object CMakeFiles/policy_translation__rosidl_typesupport_cpp.dir/rosidl_typesupport_cpp/policy_translation/srv/network_pt__type_support.cpp.o[0m
[3.795s] [35m[1mScanning dependencies of target policy_translation__rosidl_typesupport_fastrtps_c[0m
[3.893s] [ 60%] [32mBuilding CXX object CMakeFiles/policy_translation__rosidl_typesupport_fastrtps_c.dir/rosidl_typesupport_fastrtps_c/policy_translation/srv/tune_network__type_support_c.cpp.o[0m
[3.945s] [ 62%] [32mBuilding CXX object CMakeFiles/policy_translation__rosidl_typesupport_fastrtps_c.dir/rosidl_typesupport_fastrtps_c/policy_translation/srv/network_pt__type_support_c.cpp.o[0m
[3.957s] [ 64%] [32mBuilding CXX object CMakeFiles/policy_translation__rosidl_typesupport_fastrtps_c.dir/rosidl_typesupport_fastrtps_c/policy_translation/msg/dummy__type_support_c.cpp.o[0m
[4.592s] [ 66%] [32m[1mLinking CXX shared library libpolicy_translation__rosidl_typesupport_cpp.so[0m
[4.684s] [ 68%] [32m[1mLinking CXX shared library libpolicy_translation__rosidl_typesupport_fastrtps_c.so[0m
[4.784s] [ 68%] Built target policy_translation__rosidl_typesupport_cpp
[4.862s] [ 68%] Built target policy_translation__rosidl_typesupport_fastrtps_c
[4.880s] [ 71%] [34m[1mGenerating C type support dispatch for ROS interfaces[0m
[5.426s] [35m[1mScanning dependencies of target policy_translation__rosidl_typesupport_c[0m
[5.457s] [ 73%] [32mBuilding CXX object CMakeFiles/policy_translation__rosidl_typesupport_c.dir/rosidl_typesupport_c/policy_translation/srv/tune_network__type_support.cpp.o[0m
[5.457s] [ 75%] [32mBuilding CXX object CMakeFiles/policy_translation__rosidl_typesupport_c.dir/rosidl_typesupport_c/policy_translation/srv/network_pt__type_support.cpp.o[0m
[5.473s] [ 77%] [32mBuilding CXX object CMakeFiles/policy_translation__rosidl_typesupport_c.dir/rosidl_typesupport_c/policy_translation/msg/dummy__type_support.cpp.o[0m
[5.549s] [ 80%] [32m[1mLinking CXX shared library libpolicy_translation__rosidl_typesupport_c.so[0m
[5.675s] [ 80%] Built target policy_translation__rosidl_typesupport_c
[5.689s] [35m[1mScanning dependencies of target policy_translation[0m
[5.706s] [ 80%] Built target policy_translation
[5.723s] [35m[1mScanning dependencies of target policy_translation__py[0m
[5.741s] [ 82%] [34m[1mGenerating Python code for ROS interfaces[0m
[7.038s] [ 82%] Built target policy_translation__py
[7.051s] [35m[1mScanning dependencies of target policy_translation__python[0m
[7.096s] [ 84%] [32mBuilding C object CMakeFiles/policy_translation__python.dir/rosidl_generator_py/policy_translation/srv/_network_pt_s.c.o[0m
[7.101s] [ 86%] [32mBuilding C object CMakeFiles/policy_translation__python.dir/rosidl_generator_py/policy_translation/msg/_dummy_s.c.o[0m
[7.102s] [ 88%] [32mBuilding C object CMakeFiles/policy_translation__python.dir/rosidl_generator_py/policy_translation/srv/_tune_network_s.c.o[0m
[7.275s] [ 91%] [32m[1mLinking CXX shared library rosidl_generator_py/policy_translation/libpolicy_translation__python.so[0m
[7.388s] [ 91%] Built target policy_translation__python
[7.404s] [35m[1mScanning dependencies of target policy_translation__rosidl_typesupport_c__pyext[0m
[7.404s] [35m[1mScanning dependencies of target policy_translation__rosidl_typesupport_fastrtps_c__pyext[0m
[7.436s] [ 93%] [32mBuilding C object CMakeFiles/policy_translation__rosidl_typesupport_c__pyext.dir/rosidl_generator_py/policy_translation/_policy_translation_s.ep.rosidl_typesupport_c.c.o[0m
[7.448s] [ 95%] [32mBuilding C object CMakeFiles/policy_translation__rosidl_typesupport_fastrtps_c__pyext.dir/rosidl_generator_py/policy_translation/_policy_translation_s.ep.rosidl_typesupport_fastrtps_c.c.o[0m
[7.579s] [ 97%] [32m[1mLinking CXX shared library rosidl_generator_py/policy_translation/policy_translation_s__rosidl_typesupport_c.cpython-36m-x86_64-linux-gnu.so[0m
[7.580s] [100%] [32m[1mLinking CXX shared library rosidl_generator_py/policy_translation/policy_translation_s__rosidl_typesupport_fastrtps_c.cpython-36m-x86_64-linux-gnu.so[0m
[7.703s] [100%] Built target policy_translation__rosidl_typesupport_c__pyext
[7.708s] [100%] Built target policy_translation__rosidl_typesupport_fastrtps_c__pyext
[7.722s] Invoked command in '/home/sangeetsu/irlsim/LanguagePolicies/ros2/build/policy_translation' returned '0': CMAKE_PREFIX_PATH=/opt/ros/eloquent CONDA_PROMPT_MODIFIER=(irlsim) /usr/bin/cmake --build /home/sangeetsu/irlsim/LanguagePolicies/ros2/build/policy_translation -- -j8 -l8
[7.813s] Invoking command in '/home/sangeetsu/irlsim/LanguagePolicies/ros2/build/policy_translation': CMAKE_PREFIX_PATH=/opt/ros/eloquent CONDA_PROMPT_MODIFIER=(irlsim) /usr/bin/cmake --build /home/sangeetsu/irlsim/LanguagePolicies/ros2/build/policy_translation --target install -- -j8 -l8
[7.877s] [  2%] Built target policy_translation__cpp
[7.889s] [ 13%] Built target policy_translation__rosidl_generator_c
[7.929s] [ 24%] Built target policy_translation__rosidl_typesupport_fastrtps_cpp
[7.930s] [ 35%] Built target policy_translation__rosidl_typesupport_introspection_cpp
[7.940s] [ 46%] Built target policy_translation__rosidl_typesupport_introspection_c
[7.965s] [ 57%] Built target policy_translation__rosidl_typesupport_cpp
[7.967s] [ 68%] Built target policy_translation__rosidl_typesupport_fastrtps_c
[8.007s] [ 80%] Built target policy_translation__rosidl_typesupport_c
[8.040s] [ 80%] Built target policy_translation
[8.066s] [ 82%] Built target policy_translation__py
[8.107s] [ 91%] Built target policy_translation__python
[8.148s] [ 95%] Built target policy_translation__rosidl_typesupport_c__pyext
[8.151s] [100%] Built target policy_translation__rosidl_typesupport_fastrtps_c__pyext
[8.176s] [36mInstall the project...[0m
[8.186s] -- Install configuration: ""
[8.186s] -- Installing: /home/sangeetsu/irlsim/LanguagePolicies/ros2/install/policy_translation/share/ament_index/resource_index/rosidl_interfaces/policy_translation
[8.187s] -- Installing: /home/sangeetsu/irlsim/LanguagePolicies/ros2/install/policy_translation/lib/libpolicy_translation__rosidl_typesupport_c.so
[8.187s] -- Set runtime path of "/home/sangeetsu/irlsim/LanguagePolicies/ros2/install/policy_translation/lib/libpolicy_translation__rosidl_typesupport_c.so" to ""
[8.187s] -- Installing: /home/sangeetsu/irlsim/LanguagePolicies/ros2/install/policy_translation/share/policy_translation/environment/library_path.sh
[8.187s] -- Installing: /home/sangeetsu/irlsim/LanguagePolicies/ros2/install/policy_translation/share/policy_translation/environment/library_path.dsv
[8.187s] -- Installing: /home/sangeetsu/irlsim/LanguagePolicies/ros2/install/policy_translation/lib/libpolicy_translation__rosidl_typesupport_cpp.so
[8.188s] -- Set runtime path of "/home/sangeetsu/irlsim/LanguagePolicies/ros2/install/policy_translation/lib/libpolicy_translation__rosidl_typesupport_cpp.so" to ""
[8.189s] -- Installing: /home/sangeetsu/irlsim/LanguagePolicies/ros2/install/policy_translation/include/policy_translation
[8.189s] -- Installing: /home/sangeetsu/irlsim/LanguagePolicies/ros2/install/policy_translation/include/policy_translation/msg
[8.189s] -- Installing: /home/sangeetsu/irlsim/LanguagePolicies/ros2/install/policy_translation/include/policy_translation/msg/rosidl_typesupport_fastrtps_c__visibility_control.h
[8.189s] -- Installing: /home/sangeetsu/irlsim/LanguagePolicies/ros2/install/policy_translation/include/policy_translation/msg/dummy__rosidl_typesupport_fastrtps_c.h
[8.189s] -- Installing: /home/sangeetsu/irlsim/LanguagePolicies/ros2/install/policy_translation/include/policy_translation/srv
[8.190s] -- Installing: /home/sangeetsu/irlsim/LanguagePolicies/ros2/install/policy_translation/include/policy_translation/srv/network_pt__rosidl_typesupport_fastrtps_c.h
[8.190s] -- Installing: /home/sangeetsu/irlsim/LanguagePolicies/ros2/install/policy_translation/include/policy_translation/srv/tune_network__rosidl_typesupport_fastrtps_c.h
[8.190s] -- Installing: /home/sangeetsu/irlsim/LanguagePolicies/ros2/install/policy_translation/lib/libpolicy_translation__rosidl_typesupport_fastrtps_c.so
[8.190s] -- Set runtime path of "/home/sangeetsu/irlsim/LanguagePolicies/ros2/install/policy_translation/lib/libpolicy_translation__rosidl_typesupport_fastrtps_c.so" to ""
[8.191s] -- Up-to-date: /home/sangeetsu/irlsim/LanguagePolicies/ros2/install/policy_translation/include/policy_translation
[8.191s] -- Up-to-date: /home/sangeetsu/irlsim/LanguagePolicies/ros2/install/policy_translation/include/policy_translation/msg
[8.191s] -- Installing: /home/sangeetsu/irlsim/LanguagePolicies/ros2/install/policy_translation/include/policy_translation/msg/dummy__type_support.h
[8.191s] -- Installing: /home/sangeetsu/irlsim/LanguagePolicies/ros2/install/policy_translation/include/policy_translation/msg/dummy__functions.c
[8.191s] -- Installing: /home/sangeetsu/irlsim/LanguagePolicies/ros2/install/policy_translation/include/policy_translation/msg/dummy__struct.h
[8.191s] -- Installing: /home/sangeetsu/irlsim/LanguagePolicies/ros2/install/policy_translation/include/policy_translation/msg/dummy.h
[8.191s] -- Installing: /home/sangeetsu/irlsim/LanguagePolicies/ros2/install/policy_translation/include/policy_translation/msg/rosidl_generator_c__visibility_control.h
[8.192s] -- Installing: /home/sangeetsu/irlsim/LanguagePolicies/ros2/install/policy_translation/include/policy_translation/msg/dummy__functions.h
[8.192s] -- Up-to-date: /home/sangeetsu/irlsim/LanguagePolicies/ros2/install/policy_translation/include/policy_translation/srv
[8.192s] -- Installing: /home/sangeetsu/irlsim/LanguagePolicies/ros2/install/policy_translation/include/policy_translation/srv/network_pt.h
[8.192s] -- Installing: /home/sangeetsu/irlsim/LanguagePolicies/ros2/install/policy_translation/include/policy_translation/srv/tune_network__type_support.h
[8.192s] -- Installing: /home/sangeetsu/irlsim/LanguagePolicies/ros2/install/policy_translation/include/policy_translation/srv/network_pt__functions.h
[8.192s] -- Installing: /home/sangeetsu/irlsim/LanguagePolicies/ros2/install/policy_translation/include/policy_translation/srv/network_pt__struct.h
[8.192s] -- Installing: /home/sangeetsu/irlsim/LanguagePolicies/ros2/install/policy_translation/include/policy_translation/srv/network_pt__functions.c
[8.193s] -- Installing: /home/sangeetsu/irlsim/LanguagePolicies/ros2/install/policy_translation/include/policy_translation/srv/tune_network__functions.h
[8.193s] -- Installing: /home/sangeetsu/irlsim/LanguagePolicies/ros2/install/policy_translation/include/policy_translation/srv/tune_network__functions.c
[8.193s] -- Installing: /home/sangeetsu/irlsim/LanguagePolicies/ros2/install/policy_translation/include/policy_translation/srv/network_pt__type_support.h
[8.193s] -- Installing: /home/sangeetsu/irlsim/LanguagePolicies/ros2/install/policy_translation/include/policy_translation/srv/tune_network__struct.h
[8.193s] -- Installing: /home/sangeetsu/irlsim/LanguagePolicies/ros2/install/policy_translation/include/policy_translation/srv/tune_network.h
[8.194s] -- Installing: /home/sangeetsu/irlsim/LanguagePolicies/ros2/install/policy_translation/lib/libpolicy_translation__rosidl_generator_c.so
[8.194s] -- Set runtime path of "/home/sangeetsu/irlsim/LanguagePolicies/ros2/install/policy_translation/lib/libpolicy_translation__rosidl_generator_c.so" to ""
[8.194s] -- Up-to-date: /home/sangeetsu/irlsim/LanguagePolicies/ros2/install/policy_translation/include/policy_translation
[8.195s] -- Up-to-date: /home/sangeetsu/irlsim/LanguagePolicies/ros2/install/policy_translation/include/policy_translation/msg
[8.195s] -- Installing: /home/sangeetsu/irlsim/LanguagePolicies/ros2/install/policy_translation/include/policy_translation/msg/dummy__rosidl_typesupport_fastrtps_cpp.hpp
[8.195s] -- Installing: /home/sangeetsu/irlsim/LanguagePolicies/ros2/install/policy_translation/include/policy_translation/msg/dds_fastrtps
[8.195s] -- Installing: /home/sangeetsu/irlsim/LanguagePolicies/ros2/install/policy_translation/include/policy_translation/msg/rosidl_typesupport_fastrtps_cpp__visibility_control.h
[8.195s] -- Up-to-date: /home/sangeetsu/irlsim/LanguagePolicies/ros2/install/policy_translation/include/policy_translation/srv
[8.196s] -- Installing: /home/sangeetsu/irlsim/LanguagePolicies/ros2/install/policy_translation/include/policy_translation/srv/tune_network__rosidl_typesupport_fastrtps_cpp.hpp
[8.196s] -- Installing: /home/sangeetsu/irlsim/LanguagePolicies/ros2/install/policy_translation/include/policy_translation/srv/dds_fastrtps
[8.196s] -- Installing: /home/sangeetsu/irlsim/LanguagePolicies/ros2/install/policy_translation/include/policy_translation/srv/network_pt__rosidl_typesupport_fastrtps_cpp.hpp
[8.196s] -- Installing: /home/sangeetsu/irlsim/LanguagePolicies/ros2/install/policy_translation/lib/libpolicy_translation__rosidl_typesupport_fastrtps_cpp.so
[8.196s] -- Set runtime path of "/home/sangeetsu/irlsim/LanguagePolicies/ros2/install/policy_translation/lib/libpolicy_translation__rosidl_typesupport_fastrtps_cpp.so" to ""
[8.197s] -- Up-to-date: /home/sangeetsu/irlsim/LanguagePolicies/ros2/install/policy_translation/include/policy_translation
[8.197s] -- Up-to-date: /home/sangeetsu/irlsim/LanguagePolicies/ros2/install/policy_translation/include/policy_translation/msg
[8.197s] -- Installing: /home/sangeetsu/irlsim/LanguagePolicies/ros2/install/policy_translation/include/policy_translation/msg/dummy.hpp
[8.197s] -- Installing: /home/sangeetsu/irlsim/LanguagePolicies/ros2/install/policy_translation/include/policy_translation/msg/dummy__traits.hpp
[8.197s] -- Installing: /home/sangeetsu/irlsim/LanguagePolicies/ros2/install/policy_translation/include/policy_translation/msg/dummy__struct.hpp
[8.197s] -- Up-to-date: /home/sangeetsu/irlsim/LanguagePolicies/ros2/install/policy_translation/include/policy_translation/srv
[8.198s] -- Installing: /home/sangeetsu/irlsim/LanguagePolicies/ros2/install/policy_translation/include/policy_translation/srv/tune_network.hpp
[8.198s] -- Installing: /home/sangeetsu/irlsim/LanguagePolicies/ros2/install/policy_translation/include/policy_translation/srv/network_pt__struct.hpp
[8.198s] -- Installing: /home/sangeetsu/irlsim/LanguagePolicies/ros2/install/policy_translation/include/policy_translation/srv/network_pt__traits.hpp
[8.198s] -- Installing: /home/sangeetsu/irlsim/LanguagePolicies/ros2/install/policy_translation/include/policy_translation/srv/tune_network__traits.hpp
[8.198s] -- Installing: /home/sangeetsu/irlsim/LanguagePolicies/ros2/install/policy_translation/include/policy_translation/srv/tune_network__struct.hpp
[8.198s] -- Installing: /home/sangeetsu/irlsim/LanguagePolicies/ros2/install/policy_translation/include/policy_translation/srv/network_pt.hpp
[8.199s] -- Up-to-date: /home/sangeetsu/irlsim/LanguagePolicies/ros2/install/policy_translation/include/policy_translation
[8.199s] -- Up-to-date: /home/sangeetsu/irlsim/LanguagePolicies/ros2/install/policy_translation/include/policy_translation/msg
[8.199s] -- Installing: /home/sangeetsu/irlsim/LanguagePolicies/ros2/install/policy_translation/include/policy_translation/msg/dummy__type_support.c
[8.199s] -- Installing: /home/sangeetsu/irlsim/LanguagePolicies/ros2/install/policy_translation/include/policy_translation/msg/rosidl_typesupport_introspection_c__visibility_control.h
[8.199s] -- Installing: /home/sangeetsu/irlsim/LanguagePolicies/ros2/install/policy_translation/include/policy_translation/msg/dummy__rosidl_typesupport_introspection_c.h
[8.199s] -- Up-to-date: /home/sangeetsu/irlsim/LanguagePolicies/ros2/install/policy_translation/include/policy_translation/srv
[8.200s] -- Installing: /home/sangeetsu/irlsim/LanguagePolicies/ros2/install/policy_translation/include/policy_translation/srv/network_pt__type_support.c
[8.200s] -- Installing: /home/sangeetsu/irlsim/LanguagePolicies/ros2/install/policy_translation/include/policy_translation/srv/tune_network__type_support.c
[8.200s] -- Installing: /home/sangeetsu/irlsim/LanguagePolicies/ros2/install/policy_translation/include/policy_translation/srv/tune_network__rosidl_typesupport_introspection_c.h
[8.200s] -- Installing: /home/sangeetsu/irlsim/LanguagePolicies/ros2/install/policy_translation/include/policy_translation/srv/network_pt__rosidl_typesupport_introspection_c.h
[8.200s] -- Installing: /home/sangeetsu/irlsim/LanguagePolicies/ros2/install/policy_translation/lib/libpolicy_translation__rosidl_typesupport_introspection_c.so
[8.200s] -- Set runtime path of "/home/sangeetsu/irlsim/LanguagePolicies/ros2/install/policy_translation/lib/libpolicy_translation__rosidl_typesupport_introspection_c.so" to ""
[8.201s] -- Up-to-date: /home/sangeetsu/irlsim/LanguagePolicies/ros2/install/policy_translation/include/policy_translation
[8.201s] -- Up-to-date: /home/sangeetsu/irlsim/LanguagePolicies/ros2/install/policy_translation/include/policy_translation/msg
[8.201s] -- Installing: /home/sangeetsu/irlsim/LanguagePolicies/ros2/install/policy_translation/include/policy_translation/msg/dummy__type_support.cpp
[8.201s] -- Installing: /home/sangeetsu/irlsim/LanguagePolicies/ros2/install/policy_translation/include/policy_translation/msg/dummy__rosidl_typesupport_introspection_cpp.hpp
[8.201s] -- Up-to-date: /home/sangeetsu/irlsim/LanguagePolicies/ros2/install/policy_translation/include/policy_translation/srv
[8.201s] -- Installing: /home/sangeetsu/irlsim/LanguagePolicies/ros2/install/policy_translation/include/policy_translation/srv/network_pt__type_support.cpp
[8.202s] -- Installing: /home/sangeetsu/irlsim/LanguagePolicies/ros2/install/policy_translation/include/policy_translation/srv/tune_network__rosidl_typesupport_introspection_cpp.hpp
[8.202s] -- Installing: /home/sangeetsu/irlsim/LanguagePolicies/ros2/install/policy_translation/include/policy_translation/srv/network_pt__rosidl_typesupport_introspection_cpp.hpp
[8.202s] -- Installing: /home/sangeetsu/irlsim/LanguagePolicies/ros2/install/policy_translation/include/policy_translation/srv/tune_network__type_support.cpp
[8.202s] -- Installing: /home/sangeetsu/irlsim/LanguagePolicies/ros2/install/policy_translation/lib/libpolicy_translation__rosidl_typesupport_introspection_cpp.so
[8.203s] -- Set runtime path of "/home/sangeetsu/irlsim/LanguagePolicies/ros2/install/policy_translation/lib/libpolicy_translation__rosidl_typesupport_introspection_cpp.so" to ""
[8.203s] -- Installing: /home/sangeetsu/irlsim/LanguagePolicies/ros2/install/policy_translation/share/policy_translation/environment/pythonpath.sh
[8.203s] -- Installing: /home/sangeetsu/irlsim/LanguagePolicies/ros2/install/policy_translation/share/policy_translation/environment/pythonpath.dsv
[8.203s] -- Installing: /home/sangeetsu/irlsim/LanguagePolicies/ros2/install/policy_translation/lib/python3.6/site-packages/policy_translation/__init__.py
[8.240s] Compiling '/home/sangeetsu/irlsim/LanguagePolicies/ros2/install/policy_translation/lib/python3.6/site-packages/policy_translation/__init__.py'...
[8.247s] -- Installing: /home/sangeetsu/irlsim/LanguagePolicies/ros2/install/policy_translation/lib/python3.6/site-packages/policy_translation/srv
[8.247s] -- Installing: /home/sangeetsu/irlsim/LanguagePolicies/ros2/install/policy_translation/lib/python3.6/site-packages/policy_translation/srv/_tune_network.py
[8.247s] -- Installing: /home/sangeetsu/irlsim/LanguagePolicies/ros2/install/policy_translation/lib/python3.6/site-packages/policy_translation/srv/__init__.py
[8.248s] -- Installing: /home/sangeetsu/irlsim/LanguagePolicies/ros2/install/policy_translation/lib/python3.6/site-packages/policy_translation/srv/_network_pt.py
[8.248s] -- Installing: /home/sangeetsu/irlsim/LanguagePolicies/ros2/install/policy_translation/lib/python3.6/site-packages/policy_translation/srv/_network_pt_s.c
[8.248s] -- Installing: /home/sangeetsu/irlsim/LanguagePolicies/ros2/install/policy_translation/lib/python3.6/site-packages/policy_translation/srv/_tune_network_s.c
[8.248s] -- Installing: /home/sangeetsu/irlsim/LanguagePolicies/ros2/install/policy_translation/lib/python3.6/site-packages/policy_translation/msg
[8.248s] -- Installing: /home/sangeetsu/irlsim/LanguagePolicies/ros2/install/policy_translation/lib/python3.6/site-packages/policy_translation/msg/_dummy_s.c
[8.249s] -- Installing: /home/sangeetsu/irlsim/LanguagePolicies/ros2/install/policy_translation/lib/python3.6/site-packages/policy_translation/msg/__init__.py
[8.249s] -- Installing: /home/sangeetsu/irlsim/LanguagePolicies/ros2/install/policy_translation/lib/python3.6/site-packages/policy_translation/msg/_dummy.py
[8.249s] -- Installing: /home/sangeetsu/irlsim/LanguagePolicies/ros2/install/policy_translation/lib/python3.6/site-packages/policy_translation/policy_translation_s__rosidl_typesupport_c.cpython-36m-x86_64-linux-gnu.so
[8.249s] -- Set runtime path of "/home/sangeetsu/irlsim/LanguagePolicies/ros2/install/policy_translation/lib/python3.6/site-packages/policy_translation/policy_translation_s__rosidl_typesupport_c.cpython-36m-x86_64-linux-gnu.so" to ""
[8.250s] -- Installing: /home/sangeetsu/irlsim/LanguagePolicies/ros2/install/policy_translation/lib/python3.6/site-packages/policy_translation/policy_translation_s__rosidl_typesupport_fastrtps_c.cpython-36m-x86_64-linux-gnu.so
[8.250s] -- Set runtime path of "/home/sangeetsu/irlsim/LanguagePolicies/ros2/install/policy_translation/lib/python3.6/site-packages/policy_translation/policy_translation_s__rosidl_typesupport_fastrtps_c.cpython-36m-x86_64-linux-gnu.so" to ""
[8.250s] -- Installing: /home/sangeetsu/irlsim/LanguagePolicies/ros2/install/policy_translation/lib/libpolicy_translation__python.so
[8.250s] -- Set runtime path of "/home/sangeetsu/irlsim/LanguagePolicies/ros2/install/policy_translation/lib/libpolicy_translation__python.so" to ""
[8.251s] -- Installing: /home/sangeetsu/irlsim/LanguagePolicies/ros2/install/policy_translation/share/policy_translation/srv/NetworkPT.idl
[8.251s] -- Installing: /home/sangeetsu/irlsim/LanguagePolicies/ros2/install/policy_translation/share/policy_translation/srv/TuneNetwork.idl
[8.251s] -- Installing: /home/sangeetsu/irlsim/LanguagePolicies/ros2/install/policy_translation/share/policy_translation/msg/Dummy.idl
[8.251s] -- Installing: /home/sangeetsu/irlsim/LanguagePolicies/ros2/install/policy_translation/share/policy_translation/srv/NetworkPT.srv
[8.251s] -- Installing: /home/sangeetsu/irlsim/LanguagePolicies/ros2/install/policy_translation/share/policy_translation/srv/NetworkPT_Request.msg
[8.252s] -- Installing: /home/sangeetsu/irlsim/LanguagePolicies/ros2/install/policy_translation/share/policy_translation/srv/NetworkPT_Response.msg
[8.252s] -- Installing: /home/sangeetsu/irlsim/LanguagePolicies/ros2/install/policy_translation/share/policy_translation/srv/TuneNetwork.srv
[8.252s] -- Installing: /home/sangeetsu/irlsim/LanguagePolicies/ros2/install/policy_translation/share/policy_translation/srv/TuneNetwork_Request.msg
[8.252s] -- Installing: /home/sangeetsu/irlsim/LanguagePolicies/ros2/install/policy_translation/share/policy_translation/srv/TuneNetwork_Response.msg
[8.252s] -- Installing: /home/sangeetsu/irlsim/LanguagePolicies/ros2/install/policy_translation/share/policy_translation/msg/Dummy.msg
[8.252s] -- Installing: /home/sangeetsu/irlsim/LanguagePolicies/ros2/install/policy_translation/share/ament_index/resource_index/package_run_dependencies/policy_translation
[8.253s] -- Installing: /home/sangeetsu/irlsim/LanguagePolicies/ros2/install/policy_translation/share/ament_index/resource_index/parent_prefix_path/policy_translation
[8.253s] -- Installing: /home/sangeetsu/irlsim/LanguagePolicies/ros2/install/policy_translation/share/policy_translation/environment/ament_prefix_path.sh
[8.253s] -- Installing: /home/sangeetsu/irlsim/LanguagePolicies/ros2/install/policy_translation/share/policy_translation/environment/ament_prefix_path.dsv
[8.253s] -- Installing: /home/sangeetsu/irlsim/LanguagePolicies/ros2/install/policy_translation/share/policy_translation/environment/path.sh
[8.253s] -- Installing: /home/sangeetsu/irlsim/LanguagePolicies/ros2/install/policy_translation/share/policy_translation/environment/path.dsv
[8.253s] -- Installing: /home/sangeetsu/irlsim/LanguagePolicies/ros2/install/policy_translation/share/policy_translation/local_setup.bash
[8.254s] -- Installing: /home/sangeetsu/irlsim/LanguagePolicies/ros2/install/policy_translation/share/policy_translation/local_setup.sh
[8.254s] -- Installing: /home/sangeetsu/irlsim/LanguagePolicies/ros2/install/policy_translation/share/policy_translation/local_setup.zsh
[8.254s] -- Installing: /home/sangeetsu/irlsim/LanguagePolicies/ros2/install/policy_translation/share/policy_translation/local_setup.dsv
[8.254s] -- Up-to-date: /home/sangeetsu/irlsim/LanguagePolicies/ros2/install/policy_translation/share/policy_translation/package.dsv
[8.254s] -- Installing: /home/sangeetsu/irlsim/LanguagePolicies/ros2/install/policy_translation/share/ament_index/resource_index/packages/policy_translation
[8.254s] -- Installing: /home/sangeetsu/irlsim/LanguagePolicies/ros2/install/policy_translation/share/policy_translation/cmake/rosidl_cmake-extras.cmake
[8.254s] -- Installing: /home/sangeetsu/irlsim/LanguagePolicies/ros2/install/policy_translation/share/policy_translation/cmake/ament_cmake_export_dependencies-extras.cmake
[8.255s] -- Installing: /home/sangeetsu/irlsim/LanguagePolicies/ros2/install/policy_translation/share/policy_translation/cmake/ament_cmake_export_libraries-extras.cmake
[8.255s] -- Installing: /home/sangeetsu/irlsim/LanguagePolicies/ros2/install/policy_translation/share/policy_translation/cmake/ament_cmake_export_include_directories-extras.cmake
[8.255s] -- Installing: /home/sangeetsu/irlsim/LanguagePolicies/ros2/install/policy_translation/share/policy_translation/cmake/policy_translationConfig.cmake
[8.255s] -- Installing: /home/sangeetsu/irlsim/LanguagePolicies/ros2/install/policy_translation/share/policy_translation/cmake/policy_translationConfig-version.cmake
[8.255s] -- Installing: /home/sangeetsu/irlsim/LanguagePolicies/ros2/install/policy_translation/share/policy_translation/package.xml
[8.258s] Invoked command in '/home/sangeetsu/irlsim/LanguagePolicies/ros2/build/policy_translation' returned '0': CMAKE_PREFIX_PATH=/opt/ros/eloquent CONDA_PROMPT_MODIFIER=(irlsim) /usr/bin/cmake --build /home/sangeetsu/irlsim/LanguagePolicies/ros2/build/policy_translation --target install -- -j8 -l8
