[0.016s] Invoking command in '/home/sangeetsu/irlsim/LanguagePolicies/ros2/build/policy_translation': CMAKE_PREFIX_PATH=/opt/ros/eloquent CONDA_PROMPT_MODIFIER=(base) /usr/bin/cmake --build /home/sangeetsu/irlsim/LanguagePolicies/ros2/build/policy_translation -- -j8 -l8
[0.078s] [  2%] [34m[1mGenerating C code for ROS interfaces[0m
[0.089s] [  4%] [34m[1mGenerating C++ code for ROS interfaces[0m
[0.520s] [  4%] Built target policy_translation__cpp
[0.534s] [  6%] [34m[1mGenerating C++ type support for eProsima Fast-RTPS[0m
[0.538s] [  8%] [34m[1mGenerating C++ introspection for ROS interfaces[0m
[0.636s] [35m[1mScanning dependencies of target policy_translation__rosidl_generator_c[0m
[0.670s] [ 11%] [32mBuilding C object CMakeFiles/policy_translation__rosidl_generator_c.dir/rosidl_generator_c/policy_translation/msg/dummy__functions.c.o[0m
[0.674s] [ 13%] [32mBuilding C object CMakeFiles/policy_translation__rosidl_generator_c.dir/rosidl_generator_c/policy_translation/srv/tune_network__functions.c.o[0m
[0.681s] [ 15%] [32mBuilding C object CMakeFiles/policy_translation__rosidl_generator_c.dir/rosidl_generator_c/policy_translation/srv/network_pt__functions.c.o[0m
[0.807s] [ 17%] [32m[1mLinking C shared library libpolicy_translation__rosidl_generator_c.so[0m
[0.924s] [ 17%] Built target policy_translation__rosidl_generator_c
[0.947s] [ 20%] [34m[1mGenerating C introspection for ROS interfaces[0m
[1.223s] [35m[1mScanning dependencies of target policy_translation__rosidl_typesupport_introspection_cpp[0m
[1.282s] [ 22%] [32mBuilding CXX object CMakeFiles/policy_translation__rosidl_typesupport_introspection_cpp.dir/rosidl_typesupport_introspection_cpp/policy_translation/msg/dummy__type_support.cpp.o[0m
[1.289s] [ 24%] [32mBuilding CXX object CMakeFiles/policy_translation__rosidl_typesupport_introspection_cpp.dir/rosidl_typesupport_introspection_cpp/policy_translation/srv/tune_network__type_support.cpp.o[0m
[1.302s] [ 26%] [32mBuilding CXX object CMakeFiles/policy_translation__rosidl_typesupport_introspection_cpp.dir/rosidl_typesupport_introspection_cpp/policy_translation/srv/network_pt__type_support.cpp.o[0m
[1.395s] [35m[1mScanning dependencies of target policy_translation__rosidl_typesupport_fastrtps_cpp[0m
[1.500s] [ 28%] [32mBuilding CXX object CMakeFiles/policy_translation__rosidl_typesupport_fastrtps_cpp.dir/rosidl_typesupport_fastrtps_cpp/policy_translation/srv/dds_fastrtps/tune_network__type_support.cpp.o[0m
[1.517s] [ 31%] [32mBuilding CXX object CMakeFiles/policy_translation__rosidl_typesupport_fastrtps_cpp.dir/rosidl_typesupport_fastrtps_cpp/policy_translation/msg/dds_fastrtps/dummy__type_support.cpp.o[0m
[1.519s] [ 33%] [32mBuilding CXX object CMakeFiles/policy_translation__rosidl_typesupport_fastrtps_cpp.dir/rosidl_typesupport_fastrtps_cpp/policy_translation/srv/dds_fastrtps/network_pt__type_support.cpp.o[0m
[1.977s] [35m[1mScanning dependencies of target policy_translation__rosidl_typesupport_introspection_c[0m
[2.067s] [ 35%] [32mBuilding C object CMakeFiles/policy_translation__rosidl_typesupport_introspection_c.dir/rosidl_typesupport_introspection_c/policy_translation/msg/dummy__type_support.c.o[0m
[2.080s] [ 37%] [32mBuilding C object CMakeFiles/policy_translation__rosidl_typesupport_introspection_c.dir/rosidl_typesupport_introspection_c/policy_translation/srv/network_pt__type_support.c.o[0m
[2.093s] [ 40%] [32mBuilding C object CMakeFiles/policy_translation__rosidl_typesupport_introspection_c.dir/rosidl_typesupport_introspection_c/policy_translation/srv/tune_network__type_support.c.o[0m
[2.154s] [ 42%] [32m[1mLinking CXX shared library libpolicy_translation__rosidl_typesupport_introspection_cpp.so[0m
[2.235s] [ 44%] [32m[1mLinking C shared library libpolicy_translation__rosidl_typesupport_introspection_c.so[0m
[2.352s] [ 44%] Built target policy_translation__rosidl_typesupport_introspection_c
[2.381s] [ 44%] Built target policy_translation__rosidl_typesupport_introspection_cpp
[2.465s] [ 46%] [32m[1mLinking CXX shared library libpolicy_translation__rosidl_typesupport_fastrtps_cpp.so[0m
[2.604s] [ 46%] Built target policy_translation__rosidl_typesupport_fastrtps_cpp
[2.624s] [ 48%] [34m[1mGenerating C type support for eProsima Fast-RTPS[0m
[2.636s] [ 51%] [34m[1mGenerating C++ type support dispatch for ROS interfaces[0m
[3.170s] [35m[1mScanning dependencies of target policy_translation__rosidl_typesupport_cpp[0m
[3.214s] [ 53%] [32mBuilding CXX object CMakeFiles/policy_translation__rosidl_typesupport_cpp.dir/rosidl_typesupport_cpp/policy_translation/srv/tune_network__type_support.cpp.o[0m
[3.215s] [ 55%] [32mBuilding CXX object CMakeFiles/policy_translation__rosidl_typesupport_cpp.dir/rosidl_typesupport_cpp/policy_translation/srv/network_pt__type_support.cpp.o[0m
[3.223s] [ 57%] [32mBuilding CXX object CMakeFiles/policy_translation__rosidl_typesupport_cpp.dir/rosidl_typesupport_cpp/policy_translation/msg/dummy__type_support.cpp.o[0m
[3.375s] [35m[1mScanning dependencies of target policy_translation__rosidl_typesupport_fastrtps_c[0m
[3.469s] [ 60%] [32mBuilding CXX object CMakeFiles/policy_translation__rosidl_typesupport_fastrtps_c.dir/rosidl_typesupport_fastrtps_c/policy_translation/srv/network_pt__type_support_c.cpp.o[0m
[3.475s] [ 62%] [32mBuilding CXX object CMakeFiles/policy_translation__rosidl_typesupport_fastrtps_c.dir/rosidl_typesupport_fastrtps_c/policy_translation/srv/tune_network__type_support_c.cpp.o[0m
[3.498s] [ 64%] [32mBuilding CXX object CMakeFiles/policy_translation__rosidl_typesupport_fastrtps_c.dir/rosidl_typesupport_fastrtps_c/policy_translation/msg/dummy__type_support_c.cpp.o[0m
[3.953s] [ 66%] [32m[1mLinking CXX shared library libpolicy_translation__rosidl_typesupport_cpp.so[0m
[4.191s] [ 66%] Built target policy_translation__rosidl_typesupport_cpp
[4.240s] [ 68%] [32m[1mLinking CXX shared library libpolicy_translation__rosidl_typesupport_fastrtps_c.so[0m
[4.376s] [ 68%] Built target policy_translation__rosidl_typesupport_fastrtps_c
[4.395s] [ 71%] [34m[1mGenerating C type support dispatch for ROS interfaces[0m
[4.828s] [35m[1mScanning dependencies of target policy_translation__rosidl_typesupport_c[0m
[4.852s] [ 73%] [32mBuilding CXX object CMakeFiles/policy_translation__rosidl_typesupport_c.dir/rosidl_typesupport_c/policy_translation/srv/network_pt__type_support.cpp.o[0m
[4.855s] [ 75%] [32mBuilding CXX object CMakeFiles/policy_translation__rosidl_typesupport_c.dir/rosidl_typesupport_c/policy_translation/srv/tune_network__type_support.cpp.o[0m
[4.856s] [ 77%] [32mBuilding CXX object CMakeFiles/policy_translation__rosidl_typesupport_c.dir/rosidl_typesupport_c/policy_translation/msg/dummy__type_support.cpp.o[0m
[4.899s] [ 80%] [32m[1mLinking CXX shared library libpolicy_translation__rosidl_typesupport_c.so[0m
[4.986s] [ 80%] Built target policy_translation__rosidl_typesupport_c
[4.999s] [35m[1mScanning dependencies of target policy_translation[0m
[5.016s] [ 80%] Built target policy_translation
[5.031s] [35m[1mScanning dependencies of target policy_translation__py[0m
[5.047s] [ 82%] [34m[1mGenerating Python code for ROS interfaces[0m
[6.070s] [ 82%] Built target policy_translation__py
[6.081s] [35m[1mScanning dependencies of target policy_translation__python[0m
[6.121s] [ 86%] [32mBuilding C object CMakeFiles/policy_translation__python.dir/rosidl_generator_py/policy_translation/msg/_dummy_s.c.o[0m
[6.122s] [ 86%] [32mBuilding C object CMakeFiles/policy_translation__python.dir/rosidl_generator_py/policy_translation/srv/_network_pt_s.c.o[0m
[6.122s] [ 88%] [32mBuilding C object CMakeFiles/policy_translation__python.dir/rosidl_generator_py/policy_translation/srv/_tune_network_s.c.o[0m
[6.258s] [ 91%] [32m[1mLinking CXX shared library rosidl_generator_py/policy_translation/libpolicy_translation__python.so[0m
[6.339s] [ 91%] Built target policy_translation__python
[6.351s] [35m[1mScanning dependencies of target policy_translation__rosidl_typesupport_fastrtps_c__pyext[0m
[6.351s] [35m[1mScanning dependencies of target policy_translation__rosidl_typesupport_c__pyext[0m
[6.374s] [ 93%] [32mBuilding C object CMakeFiles/policy_translation__rosidl_typesupport_fastrtps_c__pyext.dir/rosidl_generator_py/policy_translation/_policy_translation_s.ep.rosidl_typesupport_fastrtps_c.c.o[0m
[6.374s] [ 95%] [32mBuilding C object CMakeFiles/policy_translation__rosidl_typesupport_c__pyext.dir/rosidl_generator_py/policy_translation/_policy_translation_s.ep.rosidl_typesupport_c.c.o[0m
[6.456s] [ 97%] [32m[1mLinking CXX shared library rosidl_generator_py/policy_translation/policy_translation_s__rosidl_typesupport_c.cpython-38-x86_64-linux-gnu.so[0m
[6.458s] [100%] [32m[1mLinking CXX shared library rosidl_generator_py/policy_translation/policy_translation_s__rosidl_typesupport_fastrtps_c.cpython-38-x86_64-linux-gnu.so[0m
[6.566s] [100%] Built target policy_translation__rosidl_typesupport_c__pyext
[6.566s] [100%] Built target policy_translation__rosidl_typesupport_fastrtps_c__pyext
[6.581s] Invoked command in '/home/sangeetsu/irlsim/LanguagePolicies/ros2/build/policy_translation' returned '0': CMAKE_PREFIX_PATH=/opt/ros/eloquent CONDA_PROMPT_MODIFIER=(base) /usr/bin/cmake --build /home/sangeetsu/irlsim/LanguagePolicies/ros2/build/policy_translation -- -j8 -l8
[6.672s] Invoking command in '/home/sangeetsu/irlsim/LanguagePolicies/ros2/build/policy_translation': CMAKE_PREFIX_PATH=/opt/ros/eloquent CONDA_PROMPT_MODIFIER=(base) /usr/bin/cmake --build /home/sangeetsu/irlsim/LanguagePolicies/ros2/build/policy_translation --target install -- -j8 -l8
[6.726s] [  2%] Built target policy_translation__cpp
[6.732s] [ 13%] Built target policy_translation__rosidl_generator_c
[6.758s] [ 24%] Built target policy_translation__rosidl_typesupport_introspection_cpp
[6.762s] [ 35%] Built target policy_translation__rosidl_typesupport_introspection_c
[6.763s] [ 46%] Built target policy_translation__rosidl_typesupport_fastrtps_cpp
[6.795s] [ 57%] Built target policy_translation__rosidl_typesupport_cpp
[6.797s] [ 68%] Built target policy_translation__rosidl_typesupport_fastrtps_c
[6.827s] [ 80%] Built target policy_translation__rosidl_typesupport_c
[6.850s] [ 80%] Built target policy_translation
[6.873s] [ 82%] Built target policy_translation__py
[6.904s] [ 91%] Built target policy_translation__python
[6.940s] [ 95%] Built target policy_translation__rosidl_typesupport_fastrtps_c__pyext
[6.948s] [100%] Built target policy_translation__rosidl_typesupport_c__pyext
[6.970s] [36mInstall the project...[0m
[6.979s] -- Install configuration: ""
[6.980s] -- Installing: /home/sangeetsu/irlsim/LanguagePolicies/ros2/install/policy_translation/share/ament_index/resource_index/rosidl_interfaces/policy_translation
[6.980s] -- Installing: /home/sangeetsu/irlsim/LanguagePolicies/ros2/install/policy_translation/lib/libpolicy_translation__rosidl_typesupport_c.so
[6.980s] -- Set runtime path of "/home/sangeetsu/irlsim/LanguagePolicies/ros2/install/policy_translation/lib/libpolicy_translation__rosidl_typesupport_c.so" to ""
[6.980s] -- Installing: /home/sangeetsu/irlsim/LanguagePolicies/ros2/install/policy_translation/share/policy_translation/environment/library_path.sh
[6.981s] -- Installing: /home/sangeetsu/irlsim/LanguagePolicies/ros2/install/policy_translation/share/policy_translation/environment/library_path.dsv
[6.981s] -- Installing: /home/sangeetsu/irlsim/LanguagePolicies/ros2/install/policy_translation/lib/libpolicy_translation__rosidl_typesupport_cpp.so
[6.981s] -- Set runtime path of "/home/sangeetsu/irlsim/LanguagePolicies/ros2/install/policy_translation/lib/libpolicy_translation__rosidl_typesupport_cpp.so" to ""
[6.981s] -- Installing: /home/sangeetsu/irlsim/LanguagePolicies/ros2/install/policy_translation/include/policy_translation
[6.981s] -- Installing: /home/sangeetsu/irlsim/LanguagePolicies/ros2/install/policy_translation/include/policy_translation/msg
[6.982s] -- Installing: /home/sangeetsu/irlsim/LanguagePolicies/ros2/install/policy_translation/include/policy_translation/msg/rosidl_typesupport_fastrtps_c__visibility_control.h
[6.982s] -- Installing: /home/sangeetsu/irlsim/LanguagePolicies/ros2/install/policy_translation/include/policy_translation/msg/dummy__rosidl_typesupport_fastrtps_c.h
[6.982s] -- Installing: /home/sangeetsu/irlsim/LanguagePolicies/ros2/install/policy_translation/include/policy_translation/srv
[6.982s] -- Installing: /home/sangeetsu/irlsim/LanguagePolicies/ros2/install/policy_translation/include/policy_translation/srv/network_pt__rosidl_typesupport_fastrtps_c.h
[6.983s] -- Installing: /home/sangeetsu/irlsim/LanguagePolicies/ros2/install/policy_translation/include/policy_translation/srv/tune_network__rosidl_typesupport_fastrtps_c.h
[6.983s] -- Installing: /home/sangeetsu/irlsim/LanguagePolicies/ros2/install/policy_translation/lib/libpolicy_translation__rosidl_typesupport_fastrtps_c.so
[6.983s] -- Set runtime path of "/home/sangeetsu/irlsim/LanguagePolicies/ros2/install/policy_translation/lib/libpolicy_translation__rosidl_typesupport_fastrtps_c.so" to ""
[6.984s] -- Up-to-date: /home/sangeetsu/irlsim/LanguagePolicies/ros2/install/policy_translation/include/policy_translation
[6.984s] -- Up-to-date: /home/sangeetsu/irlsim/LanguagePolicies/ros2/install/policy_translation/include/policy_translation/msg
[6.984s] -- Installing: /home/sangeetsu/irlsim/LanguagePolicies/ros2/install/policy_translation/include/policy_translation/msg/dummy__type_support.h
[6.984s] -- Installing: /home/sangeetsu/irlsim/LanguagePolicies/ros2/install/policy_translation/include/policy_translation/msg/dummy__functions.c
[6.985s] -- Installing: /home/sangeetsu/irlsim/LanguagePolicies/ros2/install/policy_translation/include/policy_translation/msg/dummy__struct.h
[6.985s] -- Installing: /home/sangeetsu/irlsim/LanguagePolicies/ros2/install/policy_translation/include/policy_translation/msg/dummy.h
[6.985s] -- Installing: /home/sangeetsu/irlsim/LanguagePolicies/ros2/install/policy_translation/include/policy_translation/msg/rosidl_generator_c__visibility_control.h
[6.985s] -- Installing: /home/sangeetsu/irlsim/LanguagePolicies/ros2/install/policy_translation/include/policy_translation/msg/dummy__functions.h
[6.985s] -- Up-to-date: /home/sangeetsu/irlsim/LanguagePolicies/ros2/install/policy_translation/include/policy_translation/srv
[6.986s] -- Installing: /home/sangeetsu/irlsim/LanguagePolicies/ros2/install/policy_translation/include/policy_translation/srv/network_pt.h
[6.986s] -- Installing: /home/sangeetsu/irlsim/LanguagePolicies/ros2/install/policy_translation/include/policy_translation/srv/tune_network__type_support.h
[6.986s] -- Installing: /home/sangeetsu/irlsim/LanguagePolicies/ros2/install/policy_translation/include/policy_translation/srv/network_pt__functions.h
[6.986s] -- Installing: /home/sangeetsu/irlsim/LanguagePolicies/ros2/install/policy_translation/include/policy_translation/srv/network_pt__struct.h
[6.987s] -- Installing: /home/sangeetsu/irlsim/LanguagePolicies/ros2/install/policy_translation/include/policy_translation/srv/network_pt__functions.c
[6.987s] -- Installing: /home/sangeetsu/irlsim/LanguagePolicies/ros2/install/policy_translation/include/policy_translation/srv/tune_network__functions.h
[6.987s] -- Installing: /home/sangeetsu/irlsim/LanguagePolicies/ros2/install/policy_translation/include/policy_translation/srv/tune_network__functions.c
[6.987s] -- Installing: /home/sangeetsu/irlsim/LanguagePolicies/ros2/install/policy_translation/include/policy_translation/srv/network_pt__type_support.h
[6.988s] -- Installing: /home/sangeetsu/irlsim/LanguagePolicies/ros2/install/policy_translation/include/policy_translation/srv/tune_network__struct.h
[6.988s] -- Installing: /home/sangeetsu/irlsim/LanguagePolicies/ros2/install/policy_translation/include/policy_translation/srv/tune_network.h
[6.988s] -- Installing: /home/sangeetsu/irlsim/LanguagePolicies/ros2/install/policy_translation/lib/libpolicy_translation__rosidl_generator_c.so
[6.988s] -- Set runtime path of "/home/sangeetsu/irlsim/LanguagePolicies/ros2/install/policy_translation/lib/libpolicy_translation__rosidl_generator_c.so" to ""
[6.989s] -- Up-to-date: /home/sangeetsu/irlsim/LanguagePolicies/ros2/install/policy_translation/include/policy_translation
[6.989s] -- Up-to-date: /home/sangeetsu/irlsim/LanguagePolicies/ros2/install/policy_translation/include/policy_translation/msg
[6.989s] -- Installing: /home/sangeetsu/irlsim/LanguagePolicies/ros2/install/policy_translation/include/policy_translation/msg/dummy__rosidl_typesupport_fastrtps_cpp.hpp
[6.990s] -- Installing: /home/sangeetsu/irlsim/LanguagePolicies/ros2/install/policy_translation/include/policy_translation/msg/dds_fastrtps
[6.990s] -- Installing: /home/sangeetsu/irlsim/LanguagePolicies/ros2/install/policy_translation/include/policy_translation/msg/rosidl_typesupport_fastrtps_cpp__visibility_control.h
[6.990s] -- Up-to-date: /home/sangeetsu/irlsim/LanguagePolicies/ros2/install/policy_translation/include/policy_translation/srv
[6.990s] -- Installing: /home/sangeetsu/irlsim/LanguagePolicies/ros2/install/policy_translation/include/policy_translation/srv/tune_network__rosidl_typesupport_fastrtps_cpp.hpp
[6.990s] -- Installing: /home/sangeetsu/irlsim/LanguagePolicies/ros2/install/policy_translation/include/policy_translation/srv/dds_fastrtps
[6.991s] -- Installing: /home/sangeetsu/irlsim/LanguagePolicies/ros2/install/policy_translation/include/policy_translation/srv/network_pt__rosidl_typesupport_fastrtps_cpp.hpp
[6.991s] -- Installing: /home/sangeetsu/irlsim/LanguagePolicies/ros2/install/policy_translation/lib/libpolicy_translation__rosidl_typesupport_fastrtps_cpp.so
[6.991s] -- Set runtime path of "/home/sangeetsu/irlsim/LanguagePolicies/ros2/install/policy_translation/lib/libpolicy_translation__rosidl_typesupport_fastrtps_cpp.so" to ""
[6.991s] -- Up-to-date: /home/sangeetsu/irlsim/LanguagePolicies/ros2/install/policy_translation/include/policy_translation
[6.991s] -- Up-to-date: /home/sangeetsu/irlsim/LanguagePolicies/ros2/install/policy_translation/include/policy_translation/msg
[6.991s] -- Installing: /home/sangeetsu/irlsim/LanguagePolicies/ros2/install/policy_translation/include/policy_translation/msg/dummy.hpp
[6.991s] -- Installing: /home/sangeetsu/irlsim/LanguagePolicies/ros2/install/policy_translation/include/policy_translation/msg/dummy__traits.hpp
[6.992s] -- Installing: /home/sangeetsu/irlsim/LanguagePolicies/ros2/install/policy_translation/include/policy_translation/msg/dummy__struct.hpp
[6.992s] -- Up-to-date: /home/sangeetsu/irlsim/LanguagePolicies/ros2/install/policy_translation/include/policy_translation/srv
[6.992s] -- Installing: /home/sangeetsu/irlsim/LanguagePolicies/ros2/install/policy_translation/include/policy_translation/srv/tune_network.hpp
[6.992s] -- Installing: /home/sangeetsu/irlsim/LanguagePolicies/ros2/install/policy_translation/include/policy_translation/srv/network_pt__struct.hpp
[6.992s] -- Installing: /home/sangeetsu/irlsim/LanguagePolicies/ros2/install/policy_translation/include/policy_translation/srv/network_pt__traits.hpp
[6.992s] -- Installing: /home/sangeetsu/irlsim/LanguagePolicies/ros2/install/policy_translation/include/policy_translation/srv/tune_network__traits.hpp
[6.992s] -- Installing: /home/sangeetsu/irlsim/LanguagePolicies/ros2/install/policy_translation/include/policy_translation/srv/tune_network__struct.hpp
[6.993s] -- Installing: /home/sangeetsu/irlsim/LanguagePolicies/ros2/install/policy_translation/include/policy_translation/srv/network_pt.hpp
[6.993s] -- Up-to-date: /home/sangeetsu/irlsim/LanguagePolicies/ros2/install/policy_translation/include/policy_translation
[6.993s] -- Up-to-date: /home/sangeetsu/irlsim/LanguagePolicies/ros2/install/policy_translation/include/policy_translation/msg
[6.993s] -- Installing: /home/sangeetsu/irlsim/LanguagePolicies/ros2/install/policy_translation/include/policy_translation/msg/dummy__type_support.c
[6.993s] -- Installing: /home/sangeetsu/irlsim/LanguagePolicies/ros2/install/policy_translation/include/policy_translation/msg/rosidl_typesupport_introspection_c__visibility_control.h
[6.993s] -- Installing: /home/sangeetsu/irlsim/LanguagePolicies/ros2/install/policy_translation/include/policy_translation/msg/dummy__rosidl_typesupport_introspection_c.h
[6.994s] -- Up-to-date: /home/sangeetsu/irlsim/LanguagePolicies/ros2/install/policy_translation/include/policy_translation/srv
[6.994s] -- Installing: /home/sangeetsu/irlsim/LanguagePolicies/ros2/install/policy_translation/include/policy_translation/srv/network_pt__type_support.c
[6.994s] -- Installing: /home/sangeetsu/irlsim/LanguagePolicies/ros2/install/policy_translation/include/policy_translation/srv/tune_network__type_support.c
[6.994s] -- Installing: /home/sangeetsu/irlsim/LanguagePolicies/ros2/install/policy_translation/include/policy_translation/srv/tune_network__rosidl_typesupport_introspection_c.h
[6.994s] -- Installing: /home/sangeetsu/irlsim/LanguagePolicies/ros2/install/policy_translation/include/policy_translation/srv/network_pt__rosidl_typesupport_introspection_c.h
[6.994s] -- Installing: /home/sangeetsu/irlsim/LanguagePolicies/ros2/install/policy_translation/lib/libpolicy_translation__rosidl_typesupport_introspection_c.so
[6.995s] -- Set runtime path of "/home/sangeetsu/irlsim/LanguagePolicies/ros2/install/policy_translation/lib/libpolicy_translation__rosidl_typesupport_introspection_c.so" to ""
[6.995s] -- Up-to-date: /home/sangeetsu/irlsim/LanguagePolicies/ros2/install/policy_translation/include/policy_translation
[6.995s] -- Up-to-date: /home/sangeetsu/irlsim/LanguagePolicies/ros2/install/policy_translation/include/policy_translation/msg
[6.995s] -- Installing: /home/sangeetsu/irlsim/LanguagePolicies/ros2/install/policy_translation/include/policy_translation/msg/dummy__type_support.cpp
[6.995s] -- Installing: /home/sangeetsu/irlsim/LanguagePolicies/ros2/install/policy_translation/include/policy_translation/msg/dummy__rosidl_typesupport_introspection_cpp.hpp
[6.995s] -- Up-to-date: /home/sangeetsu/irlsim/LanguagePolicies/ros2/install/policy_translation/include/policy_translation/srv
[6.996s] -- Installing: /home/sangeetsu/irlsim/LanguagePolicies/ros2/install/policy_translation/include/policy_translation/srv/network_pt__type_support.cpp
[6.996s] -- Installing: /home/sangeetsu/irlsim/LanguagePolicies/ros2/install/policy_translation/include/policy_translation/srv/tune_network__rosidl_typesupport_introspection_cpp.hpp
[6.996s] -- Installing: /home/sangeetsu/irlsim/LanguagePolicies/ros2/install/policy_translation/include/policy_translation/srv/network_pt__rosidl_typesupport_introspection_cpp.hpp
[6.996s] -- Installing: /home/sangeetsu/irlsim/LanguagePolicies/ros2/install/policy_translation/include/policy_translation/srv/tune_network__type_support.cpp
[6.996s] -- Installing: /home/sangeetsu/irlsim/LanguagePolicies/ros2/install/policy_translation/lib/libpolicy_translation__rosidl_typesupport_introspection_cpp.so
[6.996s] -- Set runtime path of "/home/sangeetsu/irlsim/LanguagePolicies/ros2/install/policy_translation/lib/libpolicy_translation__rosidl_typesupport_introspection_cpp.so" to ""
[6.996s] -- Installing: /home/sangeetsu/irlsim/LanguagePolicies/ros2/install/policy_translation/share/policy_translation/environment/pythonpath.sh
[6.997s] -- Installing: /home/sangeetsu/irlsim/LanguagePolicies/ros2/install/policy_translation/share/policy_translation/environment/pythonpath.dsv
[6.997s] -- Installing: /home/sangeetsu/irlsim/LanguagePolicies/ros2/install/policy_translation/lib/python3.8/site-packages/policy_translation/__init__.py
[7.030s] Compiling '/home/sangeetsu/irlsim/LanguagePolicies/ros2/install/policy_translation/lib/python3.8/site-packages/policy_translation/__init__.py'...
[7.036s] -- Installing: /home/sangeetsu/irlsim/LanguagePolicies/ros2/install/policy_translation/lib/python3.8/site-packages/policy_translation/srv
[7.036s] -- Installing: /home/sangeetsu/irlsim/LanguagePolicies/ros2/install/policy_translation/lib/python3.8/site-packages/policy_translation/srv/_tune_network.py
[7.037s] -- Installing: /home/sangeetsu/irlsim/LanguagePolicies/ros2/install/policy_translation/lib/python3.8/site-packages/policy_translation/srv/__init__.py
[7.037s] -- Installing: /home/sangeetsu/irlsim/LanguagePolicies/ros2/install/policy_translation/lib/python3.8/site-packages/policy_translation/srv/_network_pt.py
[7.037s] -- Installing: /home/sangeetsu/irlsim/LanguagePolicies/ros2/install/policy_translation/lib/python3.8/site-packages/policy_translation/srv/_network_pt_s.c
[7.037s] -- Installing: /home/sangeetsu/irlsim/LanguagePolicies/ros2/install/policy_translation/lib/python3.8/site-packages/policy_translation/srv/_tune_network_s.c
[7.037s] -- Installing: /home/sangeetsu/irlsim/LanguagePolicies/ros2/install/policy_translation/lib/python3.8/site-packages/policy_translation/msg
[7.038s] -- Installing: /home/sangeetsu/irlsim/LanguagePolicies/ros2/install/policy_translation/lib/python3.8/site-packages/policy_translation/msg/_dummy_s.c
[7.038s] -- Installing: /home/sangeetsu/irlsim/LanguagePolicies/ros2/install/policy_translation/lib/python3.8/site-packages/policy_translation/msg/__init__.py
[7.038s] -- Installing: /home/sangeetsu/irlsim/LanguagePolicies/ros2/install/policy_translation/lib/python3.8/site-packages/policy_translation/msg/_dummy.py
[7.038s] -- Installing: /home/sangeetsu/irlsim/LanguagePolicies/ros2/install/policy_translation/lib/python3.8/site-packages/policy_translation/policy_translation_s__rosidl_typesupport_c.cpython-38-x86_64-linux-gnu.so
[7.038s] -- Set runtime path of "/home/sangeetsu/irlsim/LanguagePolicies/ros2/install/policy_translation/lib/python3.8/site-packages/policy_translation/policy_translation_s__rosidl_typesupport_c.cpython-38-x86_64-linux-gnu.so" to ""
[7.039s] -- Installing: /home/sangeetsu/irlsim/LanguagePolicies/ros2/install/policy_translation/lib/python3.8/site-packages/policy_translation/policy_translation_s__rosidl_typesupport_fastrtps_c.cpython-38-x86_64-linux-gnu.so
[7.039s] -- Set runtime path of "/home/sangeetsu/irlsim/LanguagePolicies/ros2/install/policy_translation/lib/python3.8/site-packages/policy_translation/policy_translation_s__rosidl_typesupport_fastrtps_c.cpython-38-x86_64-linux-gnu.so" to ""
[7.039s] -- Installing: /home/sangeetsu/irlsim/LanguagePolicies/ros2/install/policy_translation/lib/libpolicy_translation__python.so
[7.039s] -- Set runtime path of "/home/sangeetsu/irlsim/LanguagePolicies/ros2/install/policy_translation/lib/libpolicy_translation__python.so" to ""
[7.040s] -- Installing: /home/sangeetsu/irlsim/LanguagePolicies/ros2/install/policy_translation/share/policy_translation/srv/NetworkPT.idl
[7.040s] -- Installing: /home/sangeetsu/irlsim/LanguagePolicies/ros2/install/policy_translation/share/policy_translation/srv/TuneNetwork.idl
[7.040s] -- Installing: /home/sangeetsu/irlsim/LanguagePolicies/ros2/install/policy_translation/share/policy_translation/msg/Dummy.idl
[7.040s] -- Installing: /home/sangeetsu/irlsim/LanguagePolicies/ros2/install/policy_translation/share/policy_translation/srv/NetworkPT.srv
[7.040s] -- Installing: /home/sangeetsu/irlsim/LanguagePolicies/ros2/install/policy_translation/share/policy_translation/srv/NetworkPT_Request.msg
[7.041s] -- Installing: /home/sangeetsu/irlsim/LanguagePolicies/ros2/install/policy_translation/share/policy_translation/srv/NetworkPT_Response.msg
[7.041s] -- Installing: /home/sangeetsu/irlsim/LanguagePolicies/ros2/install/policy_translation/share/policy_translation/srv/TuneNetwork.srv
[7.041s] -- Installing: /home/sangeetsu/irlsim/LanguagePolicies/ros2/install/policy_translation/share/policy_translation/srv/TuneNetwork_Request.msg
[7.043s] -- Installing: /home/sangeetsu/irlsim/LanguagePolicies/ros2/install/policy_translation/share/policy_translation/srv/TuneNetwork_Response.msg
[7.043s] -- Installing: /home/sangeetsu/irlsim/LanguagePolicies/ros2/install/policy_translation/share/policy_translation/msg/Dummy.msg
[7.043s] -- Installing: /home/sangeetsu/irlsim/LanguagePolicies/ros2/install/policy_translation/share/ament_index/resource_index/package_run_dependencies/policy_translation
[7.044s] -- Installing: /home/sangeetsu/irlsim/LanguagePolicies/ros2/install/policy_translation/share/ament_index/resource_index/parent_prefix_path/policy_translation
[7.044s] -- Installing: /home/sangeetsu/irlsim/LanguagePolicies/ros2/install/policy_translation/share/policy_translation/environment/ament_prefix_path.sh
[7.044s] -- Installing: /home/sangeetsu/irlsim/LanguagePolicies/ros2/install/policy_translation/share/policy_translation/environment/ament_prefix_path.dsv
[7.044s] -- Installing: /home/sangeetsu/irlsim/LanguagePolicies/ros2/install/policy_translation/share/policy_translation/environment/path.sh
[7.044s] -- Installing: /home/sangeetsu/irlsim/LanguagePolicies/ros2/install/policy_translation/share/policy_translation/environment/path.dsv
[7.044s] -- Installing: /home/sangeetsu/irlsim/LanguagePolicies/ros2/install/policy_translation/share/policy_translation/local_setup.bash
[7.045s] -- Installing: /home/sangeetsu/irlsim/LanguagePolicies/ros2/install/policy_translation/share/policy_translation/local_setup.sh
[7.045s] -- Installing: /home/sangeetsu/irlsim/LanguagePolicies/ros2/install/policy_translation/share/policy_translation/local_setup.zsh
[7.045s] -- Installing: /home/sangeetsu/irlsim/LanguagePolicies/ros2/install/policy_translation/share/policy_translation/local_setup.dsv
[7.045s] -- Up-to-date: /home/sangeetsu/irlsim/LanguagePolicies/ros2/install/policy_translation/share/policy_translation/package.dsv
[7.045s] -- Installing: /home/sangeetsu/irlsim/LanguagePolicies/ros2/install/policy_translation/share/ament_index/resource_index/packages/policy_translation
[7.045s] -- Installing: /home/sangeetsu/irlsim/LanguagePolicies/ros2/install/policy_translation/share/policy_translation/cmake/rosidl_cmake-extras.cmake
[7.045s] -- Installing: /home/sangeetsu/irlsim/LanguagePolicies/ros2/install/policy_translation/share/policy_translation/cmake/ament_cmake_export_dependencies-extras.cmake
[7.045s] -- Installing: /home/sangeetsu/irlsim/LanguagePolicies/ros2/install/policy_translation/share/policy_translation/cmake/ament_cmake_export_libraries-extras.cmake
[7.046s] -- Installing: /home/sangeetsu/irlsim/LanguagePolicies/ros2/install/policy_translation/share/policy_translation/cmake/ament_cmake_export_include_directories-extras.cmake
[7.046s] -- Installing: /home/sangeetsu/irlsim/LanguagePolicies/ros2/install/policy_translation/share/policy_translation/cmake/policy_translationConfig.cmake
[7.046s] -- Installing: /home/sangeetsu/irlsim/LanguagePolicies/ros2/install/policy_translation/share/policy_translation/cmake/policy_translationConfig-version.cmake
[7.046s] -- Installing: /home/sangeetsu/irlsim/LanguagePolicies/ros2/install/policy_translation/share/policy_translation/package.xml
[7.049s] Invoked command in '/home/sangeetsu/irlsim/LanguagePolicies/ros2/build/policy_translation' returned '0': CMAKE_PREFIX_PATH=/opt/ros/eloquent CONDA_PROMPT_MODIFIER=(base) /usr/bin/cmake --build /home/sangeetsu/irlsim/LanguagePolicies/ros2/build/policy_translation --target install -- -j8 -l8
