-- Found ament_cmake: 0.8.3 (/opt/ros/eloquent/share/ament_cmake/cmake)
-- Found PythonInterp: /home/sangeetsu/miniconda3/envs/irlsim/bin/python3 (found suitable version "3.6.13", minimum required is "3") 
-- Using PYTHON_EXECUTABLE: /home/sangeetsu/miniconda3/envs/irlsim/bin/python3
-- Found rosidl_default_generators: 0.8.0 (/opt/ros/eloquent/share/rosidl_default_generators/cmake)
-- Found rosidl_adapter: 0.8.3 (/opt/ros/eloquent/share/rosidl_adapter/cmake)
-- Found sensor_msgs: 0.8.1 (/opt/ros/eloquent/share/sensor_msgs/cmake)
-- Found PythonInterp: /home/sangeetsu/miniconda3/envs/irlsim/bin/python3 (found version "3.6.13") 
Traceback (most recent call last):
  File "/opt/ros/eloquent/share/ament_cmake_core/cmake/core/package_xml_2_cmake.py", line 21, in <module>
    from catkin_pkg.package import parse_package_string
ModuleNotFoundError: No module named 'catkin_pkg'
CMake Error at /opt/ros/eloquent/share/ament_cmake_core/cmake/core/ament_package_xml.cmake:94 (message):
  execute_process(/home/sangeetsu/miniconda3/envs/irlsim/bin/python3
  /opt/ros/eloquent/share/ament_cmake_core/cmake/core/package_xml_2_cmake.py
  /home/sangeetsu/irlsim/LanguagePolicies/ros2/src/policy_translation/package.xml
  /home/sangeetsu/irlsim/LanguagePolicies/ros2/build/policy_translation/ament_cmake_core/package.cmake)
  returned error code 1
Call Stack (most recent call first):
  /opt/ros/eloquent/share/ament_cmake_core/cmake/core/ament_package_xml.cmake:49 (_ament_package_xml)
  /opt/ros/eloquent/share/rosidl_cmake/cmake/rosidl_generate_interfaces.cmake:226 (ament_package_xml)
  CMakeLists.txt:26 (rosidl_generate_interfaces)


-- Configuring incomplete, errors occurred!
See also "/home/sangeetsu/irlsim/LanguagePolicies/ros2/build/policy_translation/CMakeFiles/CMakeOutput.log".
