[0.017s] Invoking command in '/home/sangeetsu/irlsim/LanguagePolicies/ros2/build/policy_translation': CMAKE_PREFIX_PATH=/opt/ros/eloquent CONDA_PROMPT_MODIFIER=(irlsim) /usr/bin/cmake /home/sangeetsu/irlsim/LanguagePolicies/ros2/src/policy_translation -DCMAKE_INSTALL_PREFIX=/home/sangeetsu/irlsim/LanguagePolicies/ros2/install/policy_translation
[0.028s] -- Found ament_cmake: 0.8.3 (/opt/ros/eloquent/share/ament_cmake/cmake)
[0.056s] -- Found PythonInterp: /home/sangeetsu/miniconda3/envs/irlsim/bin/python3 (found suitable version "3.6.13", minimum required is "3") 
[0.056s] -- Using PYTHON_EXECUTABLE: /home/sangeetsu/miniconda3/envs/irlsim/bin/python3
[0.234s] -- Found rosidl_default_generators: 0.8.0 (/opt/ros/eloquent/share/rosidl_default_generators/cmake)
[0.292s] -- Found rosidl_adapter: 0.8.3 (/opt/ros/eloquent/share/rosidl_adapter/cmake)
[0.356s] -- Found sensor_msgs: 0.8.1 (/opt/ros/eloquent/share/sensor_msgs/cmake)
[0.408s] -- Found PythonInterp: /home/sangeetsu/miniconda3/envs/irlsim/bin/python3 (found version "3.6.13") 
[0.459s] CMake Error at /opt/ros/eloquent/share/rosidl_adapter/cmake/rosidl_adapt_interfaces.cmake:60 (message):
[0.460s]   execute_process(/home/sangeetsu/miniconda3/envs/irlsim/bin/python3 -m
[0.460s]   rosidl_adapter --package-name policy_translation --arguments-file
[0.460s]   /home/sangeetsu/irlsim/LanguagePolicies/ros2/build/policy_translation/rosidl_adapter__arguments__policy_translation.json
[0.460s]   --output-dir
[0.460s]   /home/sangeetsu/irlsim/LanguagePolicies/ros2/build/policy_translation/rosidl_adapter/policy_translation
[0.460s]   --output-file
[0.460s]   /home/sangeetsu/irlsim/LanguagePolicies/ros2/build/policy_translation/rosidl_adapter/policy_translation.idls)
[0.461s]   returned error code 1:
[0.461s] 
[0.461s]   Traceback (most recent call last):
[0.461s] 
[0.461s]     File "/home/sangeetsu/miniconda3/envs/irlsim/lib/python3.6/runpy.py", line 193, in _run_module_as_main
[0.461s]       "__main__", mod_spec)
[0.461s]     File "/home/sangeetsu/miniconda3/envs/irlsim/lib/python3.6/runpy.py", line 85, in _run_code
[0.462s]       exec(code, run_globals)
[0.462s]     File "/opt/ros/eloquent/lib/python3.6/site-packages/rosidl_adapter/__main__.py", line 19, in <module>
[0.462s]       sys.exit(main())
[0.462s]     File "/opt/ros/eloquent/lib/python3.6/site-packages/rosidl_adapter/main.py", line 55, in main
[0.462s]       pathlib.Path(relative_path), output_dir)
[0.462s]     File "/opt/ros/eloquent/lib/python3.6/site-packages/rosidl_adapter/__init__.py", line 23, in convert_to_idl
[0.462s]       from rosidl_adapter.srv import convert_srv_to_idl
[0.462s]     File "/opt/ros/eloquent/lib/python3.6/site-packages/rosidl_adapter/srv/__init__.py", line 16, in <module>
[0.462s]       from rosidl_adapter.resource import expand_template
[0.463s]     File "/opt/ros/eloquent/lib/python3.6/site-packages/rosidl_adapter/resource/__init__.py", line 19, in <module>
[0.463s]       import em
[0.463s] 
[0.463s]   ModuleNotFoundError: No module named 'em'
[0.463s] 
[0.463s] Call Stack (most recent call first):
[0.463s]   /opt/ros/eloquent/share/rosidl_cmake/cmake/rosidl_generate_interfaces.cmake:130 (rosidl_adapt_interfaces)
[0.463s]   CMakeLists.txt:26 (rosidl_generate_interfaces)
[0.464s] 
[0.464s] 
[0.464s] -- Configuring incomplete, errors occurred!
[0.464s] See also "/home/sangeetsu/irlsim/LanguagePolicies/ros2/build/policy_translation/CMakeFiles/CMakeOutput.log".
[0.466s] Invoked command in '/home/sangeetsu/irlsim/LanguagePolicies/ros2/build/policy_translation' returned '1': CMAKE_PREFIX_PATH=/opt/ros/eloquent CONDA_PROMPT_MODIFIER=(irlsim) /usr/bin/cmake /home/sangeetsu/irlsim/LanguagePolicies/ros2/src/policy_translation -DCMAKE_INSTALL_PREFIX=/home/sangeetsu/irlsim/LanguagePolicies/ros2/install/policy_translation
