[0.022s] Invoking command in '/home/sangeetsu/irlsim/LanguagePolicies/ros2/build/policy_translation': CMAKE_PREFIX_PATH=/opt/ros/eloquent CONDA_PROMPT_MODIFIER=(irlsim) /usr/bin/cmake /home/sangeetsu/irlsim/LanguagePolicies/ros2/src/policy_translation -DCMAKE_INSTALL_PREFIX=/home/sangeetsu/irlsim/LanguagePolicies/ros2/install/policy_translation
[0.043s] -- Found ament_cmake: 0.8.3 (/opt/ros/eloquent/share/ament_cmake/cmake)
[0.068s] -- Found PythonInterp: /home/sangeetsu/miniconda3/bin/python3 (found suitable version "3.8.5", minimum required is "3") 
[0.068s] -- Using PYTHON_EXECUTABLE: /home/sangeetsu/miniconda3/bin/python3
[0.255s] -- Found rosidl_default_generators: 0.8.0 (/opt/ros/eloquent/share/rosidl_default_generators/cmake)
[0.315s] -- Found rosidl_adapter: 0.8.3 (/opt/ros/eloquent/share/rosidl_adapter/cmake)
[0.377s] -- Found sensor_msgs: 0.8.1 (/opt/ros/eloquent/share/sensor_msgs/cmake)
[0.431s] -- Found PythonInterp: /home/sangeetsu/miniconda3/bin/python3 (found version "3.8.5") 
[0.477s] CMake Error at /opt/ros/eloquent/share/rosidl_adapter/cmake/rosidl_adapt_interfaces.cmake:60 (message):
[0.478s]   execute_process(/home/sangeetsu/miniconda3/bin/python3 -m rosidl_adapter
[0.478s]   --package-name policy_translation --arguments-file
[0.478s]   /home/sangeetsu/irlsim/LanguagePolicies/ros2/build/policy_translation/rosidl_adapter__arguments__policy_translation.json
[0.478s]   --output-dir
[0.478s]   /home/sangeetsu/irlsim/LanguagePolicies/ros2/build/policy_translation/rosidl_adapter/policy_translation
[0.478s]   --output-file
[0.478s]   /home/sangeetsu/irlsim/LanguagePolicies/ros2/build/policy_translation/rosidl_adapter/policy_translation.idls)
[0.479s]   returned error code 1:
[0.479s] 
[0.479s]   Traceback (most recent call last):
[0.479s] 
[0.479s]     File "/home/sangeetsu/miniconda3/lib/python3.8/runpy.py", line 194, in _run_module_as_main
[0.479s]       return _run_code(code, main_globals, None,
[0.479s]     File "/home/sangeetsu/miniconda3/lib/python3.8/runpy.py", line 87, in _run_code
[0.479s]       exec(code, run_globals)
[0.479s]     File "/opt/ros/eloquent/lib/python3.6/site-packages/rosidl_adapter/__main__.py", line 19, in <module>
[0.479s]       sys.exit(main())
[0.479s]     File "/opt/ros/eloquent/lib/python3.6/site-packages/rosidl_adapter/main.py", line 53, in main
[0.480s]       abs_idl_file = convert_to_idl(
[0.480s]     File "/opt/ros/eloquent/lib/python3.6/site-packages/rosidl_adapter/__init__.py", line 23, in convert_to_idl
[0.480s]       from rosidl_adapter.srv import convert_srv_to_idl
[0.480s]     File "/opt/ros/eloquent/lib/python3.6/site-packages/rosidl_adapter/srv/__init__.py", line 16, in <module>
[0.480s]       from rosidl_adapter.resource import expand_template
[0.480s]     File "/opt/ros/eloquent/lib/python3.6/site-packages/rosidl_adapter/resource/__init__.py", line 19, in <module>
[0.480s]       import em
[0.480s] 
[0.481s]   ModuleNotFoundError: No module named 'em'
[0.481s] 
[0.481s] Call Stack (most recent call first):
[0.481s]   /opt/ros/eloquent/share/rosidl_cmake/cmake/rosidl_generate_interfaces.cmake:130 (rosidl_adapt_interfaces)
[0.481s]   CMakeLists.txt:26 (rosidl_generate_interfaces)
[0.481s] 
[0.481s] 
[0.481s] -- Configuring incomplete, errors occurred!
[0.481s] See also "/home/sangeetsu/irlsim/LanguagePolicies/ros2/build/policy_translation/CMakeFiles/CMakeOutput.log".
[0.486s] Invoked command in '/home/sangeetsu/irlsim/LanguagePolicies/ros2/build/policy_translation' returned '1': CMAKE_PREFIX_PATH=/opt/ros/eloquent CONDA_PROMPT_MODIFIER=(irlsim) /usr/bin/cmake /home/sangeetsu/irlsim/LanguagePolicies/ros2/src/policy_translation -DCMAKE_INSTALL_PREFIX=/home/sangeetsu/irlsim/LanguagePolicies/ros2/install/policy_translation
