[0.183s] DEBUG:colcon:Command line arguments: ['/usr/bin/colcon', 'build']
[0.183s] DEBUG:colcon:Parsed command line arguments: Namespace(allow_overriding=[], ament_cmake_args=None, base_paths=['.'], build_base='build', catkin_cmake_args=None, catkin_skip_building_tests=False, cmake_args=None, cmake_clean_cache=False, cmake_clean_first=False, cmake_force_configure=False, cmake_target=None, cmake_target_skip_unavailable=False, continue_on_error=False, event_handlers=None, executor='parallel', ignore_user_meta=False, install_base='install', log_base=None, log_level=None, main=<bound method BuildVerb.main of <colcon_core.verb.build.BuildVerb object at 0x7f64b0b70400>>, merge_install=False, metas=['./colcon.meta'], packages_above=None, packages_above_and_dependencies=None, packages_above_depth=None, packages_end=None, packages_ignore=None, packages_ignore_regex=None, packages_select=None, packages_select_build_failed=False, packages_select_by_dep=None, packages_select_regex=None, packages_select_test_failures=False, packages_skip=None, packages_skip_build_finished=False, packages_skip_by_dep=None, packages_skip_regex=None, packages_skip_test_passed=False, packages_skip_up_to=None, packages_start=None, packages_up_to=None, packages_up_to_regex=None, parallel_workers=8, paths=None, symlink_install=False, test_result_base=None, verb_extension=<colcon_core.verb.build.BuildVerb object at 0x7f64b0b70400>, verb_name='build', verb_parser=<colcon_defaults.argument_parser.defaults.DefaultArgumentsDecorator object at 0x7f64b0b706d8>)
[0.188s] Level 1:colcon.colcon_core.package_discovery:discover_packages(colcon_meta) check parameters
[0.189s] Level 1:colcon.colcon_core.package_discovery:discover_packages(recursive) check parameters
[0.189s] Level 1:colcon.colcon_core.package_discovery:discover_packages(ignore) check parameters
[0.189s] Level 1:colcon.colcon_core.package_discovery:discover_packages(path) check parameters
[0.189s] Level 1:colcon.colcon_core.package_discovery:discover_packages(colcon_meta) discover
[0.189s] Level 1:colcon.colcon_core.package_discovery:discover_packages(recursive) discover
[0.189s] INFO:colcon.colcon_core.package_discovery:Crawling recursively for packages in '/home/sangeetsu/irlsim/LanguagePolicies/ros2'
[0.189s] Level 1:colcon.colcon_core.package_identification:_identify(.) by extensions ['ignore', 'ignore_ament_install']
[0.190s] Level 1:colcon.colcon_core.package_identification:_identify(.) by extension 'ignore'
[0.190s] Level 1:colcon.colcon_core.package_identification:_identify(.) by extension 'ignore_ament_install'
[0.190s] Level 1:colcon.colcon_core.package_identification:_identify(.) by extensions ['colcon_pkg']
[0.190s] Level 1:colcon.colcon_core.package_identification:_identify(.) by extension 'colcon_pkg'
[0.190s] Level 1:colcon.colcon_core.package_identification:_identify(.) by extensions ['colcon_meta']
[0.190s] Level 1:colcon.colcon_core.package_identification:_identify(.) by extension 'colcon_meta'
[0.190s] Level 1:colcon.colcon_core.package_identification:_identify(.) by extensions ['ros']
[0.190s] Level 1:colcon.colcon_core.package_identification:_identify(.) by extension 'ros'
[0.208s] Level 1:colcon.colcon_core.package_identification:_identify(.) by extensions ['cmake', 'python']
[0.208s] Level 1:colcon.colcon_core.package_identification:_identify(.) by extension 'cmake'
[0.208s] Level 1:colcon.colcon_core.package_identification:_identify(.) by extension 'python'
[0.208s] Level 1:colcon.colcon_core.package_identification:_identify(.) by extensions ['python_setup_py']
[0.208s] Level 1:colcon.colcon_core.package_identification:_identify(.) by extension 'python_setup_py'
[0.208s] Level 1:colcon.colcon_core.package_identification:_identify(build) by extensions ['ignore', 'ignore_ament_install']
[0.208s] Level 1:colcon.colcon_core.package_identification:_identify(build) by extension 'ignore'
[0.208s] Level 1:colcon.colcon_core.package_identification:_identify(build) ignored
[0.209s] Level 1:colcon.colcon_core.package_identification:_identify(install) by extensions ['ignore', 'ignore_ament_install']
[0.209s] Level 1:colcon.colcon_core.package_identification:_identify(install) by extension 'ignore'
[0.209s] Level 1:colcon.colcon_core.package_identification:_identify(install) ignored
[0.209s] Level 1:colcon.colcon_core.package_identification:_identify(log) by extensions ['ignore', 'ignore_ament_install']
[0.210s] Level 1:colcon.colcon_core.package_identification:_identify(log) by extension 'ignore'
[0.210s] Level 1:colcon.colcon_core.package_identification:_identify(log) ignored
[0.210s] Level 1:colcon.colcon_core.package_identification:_identify(src) by extensions ['ignore', 'ignore_ament_install']
[0.210s] Level 1:colcon.colcon_core.package_identification:_identify(src) by extension 'ignore'
[0.210s] Level 1:colcon.colcon_core.package_identification:_identify(src) by extension 'ignore_ament_install'
[0.210s] Level 1:colcon.colcon_core.package_identification:_identify(src) by extensions ['colcon_pkg']
[0.210s] Level 1:colcon.colcon_core.package_identification:_identify(src) by extension 'colcon_pkg'
[0.210s] Level 1:colcon.colcon_core.package_identification:_identify(src) by extensions ['colcon_meta']
[0.210s] Level 1:colcon.colcon_core.package_identification:_identify(src) by extension 'colcon_meta'
[0.211s] Level 1:colcon.colcon_core.package_identification:_identify(src) by extensions ['ros']
[0.211s] Level 1:colcon.colcon_core.package_identification:_identify(src) by extension 'ros'
[0.211s] Level 1:colcon.colcon_core.package_identification:_identify(src) by extensions ['cmake', 'python']
[0.211s] Level 1:colcon.colcon_core.package_identification:_identify(src) by extension 'cmake'
[0.211s] Level 1:colcon.colcon_core.package_identification:_identify(src) by extension 'python'
[0.211s] Level 1:colcon.colcon_core.package_identification:_identify(src) by extensions ['python_setup_py']
[0.211s] Level 1:colcon.colcon_core.package_identification:_identify(src) by extension 'python_setup_py'
[0.211s] Level 1:colcon.colcon_core.package_identification:_identify(src/policy_translation) by extensions ['ignore', 'ignore_ament_install']
[0.211s] Level 1:colcon.colcon_core.package_identification:_identify(src/policy_translation) by extension 'ignore'
[0.211s] Level 1:colcon.colcon_core.package_identification:_identify(src/policy_translation) by extension 'ignore_ament_install'
[0.212s] Level 1:colcon.colcon_core.package_identification:_identify(src/policy_translation) by extensions ['colcon_pkg']
[0.212s] Level 1:colcon.colcon_core.package_identification:_identify(src/policy_translation) by extension 'colcon_pkg'
[0.212s] Level 1:colcon.colcon_core.package_identification:_identify(src/policy_translation) by extensions ['colcon_meta']
[0.212s] Level 1:colcon.colcon_core.package_identification:_identify(src/policy_translation) by extension 'colcon_meta'
[0.212s] Level 1:colcon.colcon_core.package_identification:_identify(src/policy_translation) by extensions ['ros']
[0.212s] Level 1:colcon.colcon_core.package_identification:_identify(src/policy_translation) by extension 'ros'
[0.216s] DEBUG:colcon.colcon_core.package_identification:Package 'src/policy_translation' with type 'ros.ament_cmake' and name 'policy_translation'
[0.216s] Level 1:colcon.colcon_core.package_discovery:discover_packages(recursive) using defaults
[0.217s] Level 1:colcon.colcon_core.package_discovery:discover_packages(ignore) discover
[0.217s] Level 1:colcon.colcon_core.package_discovery:discover_packages(ignore) using defaults
[0.217s] Level 1:colcon.colcon_core.package_discovery:discover_packages(path) discover
[0.217s] Level 1:colcon.colcon_core.package_discovery:discover_packages(path) using defaults
[0.257s] Level 5:colcon.colcon_core.verb:set package 'policy_translation' build argument 'cmake_args' from command line to 'None'
[0.257s] Level 5:colcon.colcon_core.verb:set package 'policy_translation' build argument 'cmake_target' from command line to 'None'
[0.257s] Level 5:colcon.colcon_core.verb:set package 'policy_translation' build argument 'cmake_target_skip_unavailable' from command line to 'False'
[0.257s] Level 5:colcon.colcon_core.verb:set package 'policy_translation' build argument 'cmake_clean_cache' from command line to 'False'
[0.257s] Level 5:colcon.colcon_core.verb:set package 'policy_translation' build argument 'cmake_clean_first' from command line to 'False'
[0.257s] Level 5:colcon.colcon_core.verb:set package 'policy_translation' build argument 'cmake_force_configure' from command line to 'False'
[0.257s] Level 5:colcon.colcon_core.verb:set package 'policy_translation' build argument 'ament_cmake_args' from command line to 'None'
[0.257s] Level 5:colcon.colcon_core.verb:set package 'policy_translation' build argument 'catkin_cmake_args' from command line to 'None'
[0.257s] Level 5:colcon.colcon_core.verb:set package 'policy_translation' build argument 'catkin_skip_building_tests' from command line to 'False'
[0.257s] DEBUG:colcon.colcon_core.verb:Building package 'policy_translation' with the following arguments: {'ament_cmake_args': None, 'build_base': '/home/sangeetsu/irlsim/LanguagePolicies/ros2/build/policy_translation', 'catkin_cmake_args': None, 'catkin_skip_building_tests': False, 'cmake_args': None, 'cmake_clean_cache': False, 'cmake_clean_first': False, 'cmake_force_configure': False, 'cmake_target': None, 'cmake_target_skip_unavailable': False, 'install_base': '/home/sangeetsu/irlsim/LanguagePolicies/ros2/install/policy_translation', 'merge_install': False, 'path': '/home/sangeetsu/irlsim/LanguagePolicies/ros2/src/policy_translation', 'symlink_install': False, 'test_result_base': None}
[0.260s] INFO:colcon.colcon_core.executor:Executing jobs using 'parallel' executor
[0.266s] DEBUG:colcon.colcon_parallel_executor.executor.parallel:run_until_complete
[0.266s] INFO:colcon.colcon_ros.task.ament_cmake.build:Building ROS package in '/home/sangeetsu/irlsim/LanguagePolicies/ros2/src/policy_translation' with build type 'ament_cmake'
[0.266s] INFO:colcon.colcon_cmake.task.cmake.build:Building CMake package in '/home/sangeetsu/irlsim/LanguagePolicies/ros2/src/policy_translation'
[0.270s] INFO:colcon.colcon_core.plugin_system:Skipping extension 'colcon_core.shell.bat': Not used on non-Windows systems
[0.271s] INFO:colcon.colcon_core.shell:Skip shell extension 'powershell' for command environment: Not usable outside of PowerShell
[0.271s] DEBUG:colcon.colcon_core.shell:Skip shell extension 'dsv' for command environment
[0.286s] DEBUG:colcon.colcon_core.event_handler.log_command:Invoking command in '/home/sangeetsu/irlsim/LanguagePolicies/ros2/build/policy_translation': CMAKE_PREFIX_PATH=/opt/ros/eloquent CONDA_PROMPT_MODIFIER=(irlsim) /usr/bin/cmake --build /home/sangeetsu/irlsim/LanguagePolicies/ros2/build/policy_translation -- -j8 -l8
[7.989s] DEBUG:colcon.colcon_core.event_handler.log_command:Invoked command in '/home/sangeetsu/irlsim/LanguagePolicies/ros2/build/policy_translation' returned '0': CMAKE_PREFIX_PATH=/opt/ros/eloquent CONDA_PROMPT_MODIFIER=(irlsim) /usr/bin/cmake --build /home/sangeetsu/irlsim/LanguagePolicies/ros2/build/policy_translation -- -j8 -l8
[8.080s] DEBUG:colcon.colcon_core.event_handler.log_command:Invoking command in '/home/sangeetsu/irlsim/LanguagePolicies/ros2/build/policy_translation': CMAKE_PREFIX_PATH=/opt/ros/eloquent CONDA_PROMPT_MODIFIER=(irlsim) /usr/bin/cmake --build /home/sangeetsu/irlsim/LanguagePolicies/ros2/build/policy_translation --target install -- -j8 -l8
[8.524s] Level 1:colcon.colcon_core.environment:create_environment_scripts_only(policy_translation)
[8.525s] DEBUG:colcon.colcon_core.event_handler.log_command:Invoked command in '/home/sangeetsu/irlsim/LanguagePolicies/ros2/build/policy_translation' returned '0': CMAKE_PREFIX_PATH=/opt/ros/eloquent CONDA_PROMPT_MODIFIER=(irlsim) /usr/bin/cmake --build /home/sangeetsu/irlsim/LanguagePolicies/ros2/build/policy_translation --target install -- -j8 -l8
[8.530s] Level 1:colcon.colcon_core.environment:checking '/home/sangeetsu/irlsim/LanguagePolicies/ros2/install/policy_translation' for CMake module files
[8.532s] Level 1:colcon.colcon_core.environment:checking '/home/sangeetsu/irlsim/LanguagePolicies/ros2/install/policy_translation' for CMake config files
[8.533s] Level 1:colcon.colcon_core.shell:create_environment_hook('policy_translation', 'cmake_prefix_path')
[8.534s] INFO:colcon.colcon_core.shell:Creating environment hook '/home/sangeetsu/irlsim/LanguagePolicies/ros2/install/policy_translation/share/policy_translation/hook/cmake_prefix_path.ps1'
[8.535s] INFO:colcon.colcon_core.shell:Creating environment descriptor '/home/sangeetsu/irlsim/LanguagePolicies/ros2/install/policy_translation/share/policy_translation/hook/cmake_prefix_path.dsv'
[8.536s] INFO:colcon.colcon_core.shell:Creating environment hook '/home/sangeetsu/irlsim/LanguagePolicies/ros2/install/policy_translation/share/policy_translation/hook/cmake_prefix_path.sh'
[8.538s] Level 1:colcon.colcon_core.environment:checking '/home/sangeetsu/irlsim/LanguagePolicies/ros2/install/policy_translation/lib'
[8.538s] Level 1:colcon.colcon_core.shell:create_environment_hook('policy_translation', 'ld_library_path_lib')
[8.539s] INFO:colcon.colcon_core.shell:Creating environment hook '/home/sangeetsu/irlsim/LanguagePolicies/ros2/install/policy_translation/share/policy_translation/hook/ld_library_path_lib.ps1'
[8.539s] INFO:colcon.colcon_core.shell:Creating environment descriptor '/home/sangeetsu/irlsim/LanguagePolicies/ros2/install/policy_translation/share/policy_translation/hook/ld_library_path_lib.dsv'
[8.540s] INFO:colcon.colcon_core.shell:Creating environment hook '/home/sangeetsu/irlsim/LanguagePolicies/ros2/install/policy_translation/share/policy_translation/hook/ld_library_path_lib.sh'
[8.540s] Level 1:colcon.colcon_core.environment:checking '/home/sangeetsu/irlsim/LanguagePolicies/ros2/install/policy_translation/bin'
[8.540s] Level 1:colcon.colcon_core.environment:checking '/home/sangeetsu/irlsim/LanguagePolicies/ros2/install/policy_translation/lib/pkgconfig/policy_translation.pc'
[8.540s] Level 1:colcon.colcon_core.environment:checking '/home/sangeetsu/irlsim/LanguagePolicies/ros2/install/policy_translation/lib/python3.6/site-packages'
[8.540s] Level 1:colcon.colcon_core.shell:create_environment_hook('policy_translation', 'pythonpath')
[8.541s] INFO:colcon.colcon_core.shell:Creating environment hook '/home/sangeetsu/irlsim/LanguagePolicies/ros2/install/policy_translation/share/policy_translation/hook/pythonpath.ps1'
[8.541s] INFO:colcon.colcon_core.shell:Creating environment descriptor '/home/sangeetsu/irlsim/LanguagePolicies/ros2/install/policy_translation/share/policy_translation/hook/pythonpath.dsv'
[8.542s] INFO:colcon.colcon_core.shell:Creating environment hook '/home/sangeetsu/irlsim/LanguagePolicies/ros2/install/policy_translation/share/policy_translation/hook/pythonpath.sh'
[8.543s] INFO:colcon.colcon_core.shell:Creating package script '/home/sangeetsu/irlsim/LanguagePolicies/ros2/install/policy_translation/share/policy_translation/package.ps1'
[8.544s] INFO:colcon.colcon_core.shell:Creating package descriptor '/home/sangeetsu/irlsim/LanguagePolicies/ros2/install/policy_translation/share/policy_translation/package.dsv'
[8.544s] INFO:colcon.colcon_core.shell:Creating package script '/home/sangeetsu/irlsim/LanguagePolicies/ros2/install/policy_translation/share/policy_translation/package.sh'
[8.545s] INFO:colcon.colcon_core.shell:Creating package script '/home/sangeetsu/irlsim/LanguagePolicies/ros2/install/policy_translation/share/policy_translation/package.bash'
[8.546s] INFO:colcon.colcon_core.shell:Creating package script '/home/sangeetsu/irlsim/LanguagePolicies/ros2/install/policy_translation/share/policy_translation/package.zsh'
[8.547s] Level 1:colcon.colcon_core.environment:create_file_with_runtime_dependencies(/home/sangeetsu/irlsim/LanguagePolicies/ros2/install/policy_translation/share/colcon-core/packages/policy_translation)
[8.686s] Level 1:colcon.colcon_core.environment:create_environment_scripts_only(policy_translation)
[8.687s] Level 1:colcon.colcon_core.environment:checking '/home/sangeetsu/irlsim/LanguagePolicies/ros2/install/policy_translation' for CMake module files
[8.688s] Level 1:colcon.colcon_core.environment:checking '/home/sangeetsu/irlsim/LanguagePolicies/ros2/install/policy_translation' for CMake config files
[8.689s] Level 1:colcon.colcon_core.shell:create_environment_hook('policy_translation', 'cmake_prefix_path')
[8.690s] INFO:colcon.colcon_core.shell:Creating environment hook '/home/sangeetsu/irlsim/LanguagePolicies/ros2/install/policy_translation/share/policy_translation/hook/cmake_prefix_path.ps1'
[8.691s] INFO:colcon.colcon_core.shell:Creating environment descriptor '/home/sangeetsu/irlsim/LanguagePolicies/ros2/install/policy_translation/share/policy_translation/hook/cmake_prefix_path.dsv'
[8.691s] INFO:colcon.colcon_core.shell:Creating environment hook '/home/sangeetsu/irlsim/LanguagePolicies/ros2/install/policy_translation/share/policy_translation/hook/cmake_prefix_path.sh'
[8.692s] Level 1:colcon.colcon_core.environment:checking '/home/sangeetsu/irlsim/LanguagePolicies/ros2/install/policy_translation/lib'
[8.693s] Level 1:colcon.colcon_core.shell:create_environment_hook('policy_translation', 'ld_library_path_lib')
[8.694s] INFO:colcon.colcon_core.shell:Creating environment hook '/home/sangeetsu/irlsim/LanguagePolicies/ros2/install/policy_translation/share/policy_translation/hook/ld_library_path_lib.ps1'
[8.694s] INFO:colcon.colcon_core.shell:Creating environment descriptor '/home/sangeetsu/irlsim/LanguagePolicies/ros2/install/policy_translation/share/policy_translation/hook/ld_library_path_lib.dsv'
[8.695s] INFO:colcon.colcon_core.shell:Creating environment hook '/home/sangeetsu/irlsim/LanguagePolicies/ros2/install/policy_translation/share/policy_translation/hook/ld_library_path_lib.sh'
[8.698s] Level 1:colcon.colcon_core.environment:checking '/home/sangeetsu/irlsim/LanguagePolicies/ros2/install/policy_translation/bin'
[8.698s] Level 1:colcon.colcon_core.environment:checking '/home/sangeetsu/irlsim/LanguagePolicies/ros2/install/policy_translation/lib/pkgconfig/policy_translation.pc'
[8.698s] Level 1:colcon.colcon_core.environment:checking '/home/sangeetsu/irlsim/LanguagePolicies/ros2/install/policy_translation/lib/python3.6/site-packages'
[8.698s] Level 1:colcon.colcon_core.shell:create_environment_hook('policy_translation', 'pythonpath')
[8.699s] INFO:colcon.colcon_core.shell:Creating environment hook '/home/sangeetsu/irlsim/LanguagePolicies/ros2/install/policy_translation/share/policy_translation/hook/pythonpath.ps1'
[8.700s] INFO:colcon.colcon_core.shell:Creating environment descriptor '/home/sangeetsu/irlsim/LanguagePolicies/ros2/install/policy_translation/share/policy_translation/hook/pythonpath.dsv'
[8.700s] INFO:colcon.colcon_core.shell:Creating environment hook '/home/sangeetsu/irlsim/LanguagePolicies/ros2/install/policy_translation/share/policy_translation/hook/pythonpath.sh'
[8.702s] INFO:colcon.colcon_core.shell:Creating package script '/home/sangeetsu/irlsim/LanguagePolicies/ros2/install/policy_translation/share/policy_translation/package.ps1'
[8.703s] INFO:colcon.colcon_core.shell:Creating package descriptor '/home/sangeetsu/irlsim/LanguagePolicies/ros2/install/policy_translation/share/policy_translation/package.dsv'
[8.704s] INFO:colcon.colcon_core.shell:Creating package script '/home/sangeetsu/irlsim/LanguagePolicies/ros2/install/policy_translation/share/policy_translation/package.sh'
[8.705s] INFO:colcon.colcon_core.shell:Creating package script '/home/sangeetsu/irlsim/LanguagePolicies/ros2/install/policy_translation/share/policy_translation/package.bash'
[8.705s] INFO:colcon.colcon_core.shell:Creating package script '/home/sangeetsu/irlsim/LanguagePolicies/ros2/install/policy_translation/share/policy_translation/package.zsh'
[8.706s] Level 1:colcon.colcon_core.environment:create_file_with_runtime_dependencies(/home/sangeetsu/irlsim/LanguagePolicies/ros2/install/policy_translation/share/colcon-core/packages/policy_translation)
[8.706s] DEBUG:colcon.colcon_parallel_executor.executor.parallel:closing loop
[8.707s] DEBUG:colcon.colcon_parallel_executor.executor.parallel:loop closed
[8.707s] DEBUG:colcon.colcon_parallel_executor.executor.parallel:run_until_complete finished with '0'
[8.707s] DEBUG:colcon.colcon_core.event_reactor:joining thread
[8.718s] INFO:colcon.colcon_core.plugin_system:Skipping extension 'colcon_notification.desktop_notification.terminal_notifier': Not used on non-Darwin systems
[8.718s] INFO:colcon.colcon_core.plugin_system:Skipping extension 'colcon_notification.desktop_notification.win32': Not used on non-Windows systems
[8.718s] INFO:colcon.colcon_notification.desktop_notification:Sending desktop notification using 'notify2'
[8.723s] DEBUG:colcon.colcon_core.event_reactor:joined thread
[8.724s] INFO:colcon.colcon_core.shell:Creating prefix script '/home/sangeetsu/irlsim/LanguagePolicies/ros2/install/local_setup.ps1'
[8.725s] INFO:colcon.colcon_core.shell:Creating prefix util module '/home/sangeetsu/irlsim/LanguagePolicies/ros2/install/_local_setup_util_ps1.py'
[8.727s] INFO:colcon.colcon_core.shell:Creating prefix chain script '/home/sangeetsu/irlsim/LanguagePolicies/ros2/install/setup.ps1'
[8.728s] INFO:colcon.colcon_core.shell:Creating prefix script '/home/sangeetsu/irlsim/LanguagePolicies/ros2/install/local_setup.sh'
[8.729s] INFO:colcon.colcon_core.shell:Creating prefix util module '/home/sangeetsu/irlsim/LanguagePolicies/ros2/install/_local_setup_util_sh.py'
[8.730s] INFO:colcon.colcon_core.shell:Creating prefix chain script '/home/sangeetsu/irlsim/LanguagePolicies/ros2/install/setup.sh'
[8.731s] INFO:colcon.colcon_core.shell:Creating prefix script '/home/sangeetsu/irlsim/LanguagePolicies/ros2/install/local_setup.bash'
[8.732s] INFO:colcon.colcon_core.shell:Creating prefix chain script '/home/sangeetsu/irlsim/LanguagePolicies/ros2/install/setup.bash'
[8.733s] INFO:colcon.colcon_core.shell:Creating prefix script '/home/sangeetsu/irlsim/LanguagePolicies/ros2/install/local_setup.zsh'
[8.734s] INFO:colcon.colcon_core.shell:Creating prefix chain script '/home/sangeetsu/irlsim/LanguagePolicies/ros2/install/setup.zsh'
